<!DOCTYPE html>

<html>
  <head>
  <meta charset='utf-8'>
  <title>TestNG reports</title>

    <link type="text/css" href="testng-reports1.css" rel="stylesheet" id="ultra" />
    <link type="text/css" href="testng-reports.css" rel="stylesheet" id="retro" disabled="false"/>
    <script type="text/javascript" src="jquery.min.js"></script>
    <script type="text/javascript" src="testng-reports.js"></script>
    <script type="text/javascript" src="https://www.google.com/jsapi"></script>
    <script type='text/javascript'>
      google.load('visualization', '1', {packages:['table']});
      google.setOnLoadCallback(drawTable);
      var suiteTableInitFunctions = new Array();
      var suiteTableData = new Array();
    </script>
    <!--
      <script type="text/javascript" src="jquery-ui/js/jquery-ui-1.8.16.custom.min.js"></script>
     -->
  </head>

  <body>
    <div class="top-banner-root">
      <span class="top-banner-title-font">Test results</span>
      <button id="button" class="button">Switch Retro Theme</button> <!-- button -->
      <br/>
      <span class="top-banner-font-1">1 suite, 5 failed tests</span>
    </div> <!-- top-banner-root -->
    <div class="navigator-root">
      <div class="navigator-suite-header">
        <span>All suites</span>
        <a href="#" title="Collapse/expand all the suites" class="collapse-all-link">
          <img src="collapseall.gif" class="collapse-all-icon">
          </img> <!-- collapse-all-icon -->
        </a> <!-- collapse-all-link -->
      </div> <!-- navigator-suite-header -->
      <div class="suite">
        <div class="rounded-window">
          <div class="suite-header light-rounded-window-top">
            <a href="#" panel-name="suite-Default_suite" class="navigator-link">
              <span class="suite-name border-failed">Default suite</span>
            </a> <!-- navigator-link -->
          </div> <!-- suite-header light-rounded-window-top -->
          <div class="navigator-suite-content">
            <div class="suite-section-title">
              <span>Info</span>
            </div> <!-- suite-section-title -->
            <div class="suite-section-content">
              <ul>
                <li>
                  <a href="#" panel-name="test-xml-Default_suite" class="navigator-link ">
                    <span>C:\Users\dell\AppData\Local\Temp\testng-eclipse--1268338250\testng-customsuite.xml</span>
                  </a> <!-- navigator-link  -->
                </li>
                <li>
                  <a href="#" panel-name="testlist-Default_suite" class="navigator-link ">
                    <span class="test-stats">1 test</span>
                  </a> <!-- navigator-link  -->
                </li>
                <li>
                  <a href="#" panel-name="group-Default_suite" class="navigator-link ">
                    <span>7 groups</span>
                  </a> <!-- navigator-link  -->
                </li>
                <li>
                  <a href="#" panel-name="times-Default_suite" class="navigator-link ">
                    <span>Times</span>
                  </a> <!-- navigator-link  -->
                </li>
                <li>
                  <a href="#" panel-name="reporter-Default_suite" class="navigator-link ">
                    <span>Reporter output</span>
                  </a> <!-- navigator-link  -->
                </li>
                <li>
                  <a href="#" panel-name="ignored-methods-Default_suite" class="navigator-link ">
                    <span>Ignored methods</span>
                  </a> <!-- navigator-link  -->
                </li>
                <li>
                  <a href="#" panel-name="chronological-Default_suite" class="navigator-link ">
                    <span>Chronological view</span>
                  </a> <!-- navigator-link  -->
                </li>
              </ul>
            </div> <!-- suite-section-content -->
            <div class="result-section">
              <div class="suite-section-title">
                <span>Results</span>
              </div> <!-- suite-section-title -->
              <div class="suite-section-content">
                <ul>
                  <li>
                    <span class="method-stats">43 methods, 5 failed,   38 passed</span>
                  </li>
                  <li>
                    <span class="method-list-title failed">Failed methods</span>
                    <span class="show-or-hide-methods failed">
                      <a href="#" panel-name="suite-Default_suite" class="hide-methods failed suite-Default_suite"> (hide)</a> <!-- hide-methods failed suite-Default_suite -->
                      <a href="#" panel-name="suite-Default_suite" class="show-methods failed suite-Default_suite"> (show)</a> <!-- show-methods failed suite-Default_suite -->
                    </span>
                    <div class="method-list-content failed suite-Default_suite">
                      <span>
                        <img src="failed.png" width="3%"/>
                        <a href="#" panel-name="suite-Default_suite" title="tests.ProductSearchTests" class="method navigator-link" hash-for-method="AddPerticularProductInCart">AddPerticularProductInCart</a> <!-- method navigator-link -->
                      </span>
                      <br/>
                      <span>
                        <img src="failed.png" width="3%"/>
                        <a href="#" panel-name="suite-Default_suite" title="tests.HomeTest" class="method navigator-link" hash-for-method="LogOut">LogOut</a> <!-- method navigator-link -->
                      </span>
                      <br/>
                      <span>
                        <img src="failed.png" width="3%"/>
                        <a href="#" panel-name="suite-Default_suite" title="tests.LoginTests" class="method navigator-link" hash-for-method="testLoginWithValidCredentials(rameshamale26@gmail.com, Test@123)">testLoginWithValidCredentials(rameshamale26@gmail.com, Test@123)</a> <!-- method navigator-link -->
                      </span>
                      <br/>
                      <span>
                        <img src="failed.png" width="3%"/>
                        <a href="#" panel-name="suite-Default_suite" title="tests.HomeTest" class="method navigator-link" hash-for-method="verifyBrandsHeadingIsPresent">verifyBrandsHeadingIsPresent</a> <!-- method navigator-link -->
                      </span>
                      <br/>
                      <span>
                        <img src="failed.png" width="3%"/>
                        <a href="#" panel-name="suite-Default_suite" title="tests.HomeTest" class="method navigator-link" hash-for-method="verifyCategoryHeadingIsPresent">verifyCategoryHeadingIsPresent</a> <!-- method navigator-link -->
                      </span>
                      <br/>
                    </div> <!-- method-list-content failed suite-Default_suite -->
                  </li>
                  <li>
                    <span class="method-list-title passed">Passed methods</span>
                    <span class="show-or-hide-methods passed">
                      <a href="#" panel-name="suite-Default_suite" class="hide-methods passed suite-Default_suite"> (hide)</a> <!-- hide-methods passed suite-Default_suite -->
                      <a href="#" panel-name="suite-Default_suite" class="show-methods passed suite-Default_suite"> (show)</a> <!-- show-methods passed suite-Default_suite -->
                    </span>
                    <div class="method-list-content passed suite-Default_suite">
                      <span>
                        <img src="passed.png" width="3%"/>
                        <a href="#" panel-name="suite-Default_suite" title="tests.ProductSearchTests" class="method navigator-link" hash-for-method="AddToCartIsPresernt">AddToCartIsPresernt</a> <!-- method navigator-link -->
                      </span>
                      <br/>
                      <span>
                        <img src="passed.png" width="3%"/>
                        <a href="#" panel-name="suite-Default_suite" title="tests.ProductSearchTests" class="method navigator-link" hash-for-method="VerifyAllCategory">VerifyAllCategory</a> <!-- method navigator-link -->
                      </span>
                      <br/>
                      <span>
                        <img src="passed.png" width="3%"/>
                        <a href="#" panel-name="suite-Default_suite" title="tests.HomeTest" class="method navigator-link" hash-for-method="addProductToCart">addProductToCart</a> <!-- method navigator-link -->
                      </span>
                      <br/>
                      <span>
                        <img src="passed.png" width="3%"/>
                        <a href="#" panel-name="suite-Default_suite" title="tests.LoginTests" class="method navigator-link" hash-for-method="allTheMenuLinksAreDisplayed">allTheMenuLinksAreDisplayed</a> <!-- method navigator-link -->
                      </span>
                      <br/>
                      <span>
                        <img src="passed.png" width="3%"/>
                        <a href="#" panel-name="suite-Default_suite" title="tests.ProductSearchTests" class="method navigator-link" hash-for-method="printUIProductData">printUIProductData</a> <!-- method navigator-link -->
                      </span>
                      <br/>
                      <span>
                        <img src="passed.png" width="3%"/>
                        <a href="#" panel-name="suite-Default_suite" title="tests.ProductSearchTests" class="method navigator-link" hash-for-method="productSeacrch">productSeacrch</a> <!-- method navigator-link -->
                      </span>
                      <br/>
                      <span>
                        <img src="passed.png" width="3%"/>
                        <a href="#" panel-name="suite-Default_suite" title="tests.SignUPTest" class="method navigator-link" hash-for-method="signUpWithValidDetails">signUpWithValidDetails</a> <!-- method navigator-link -->
                      </span>
                      <br/>
                      <span>
                        <img src="passed.png" width="3%"/>
                        <a href="#" panel-name="suite-Default_suite" title="tests.CartTests" class="method navigator-link" hash-for-method="testAddProductToCart">testAddProductToCart</a> <!-- method navigator-link -->
                      </span>
                      <br/>
                      <span>
                        <img src="passed.png" width="3%"/>
                        <a href="#" panel-name="suite-Default_suite" title="tests.WishlistTests" class="method navigator-link" hash-for-method="testAddToWishlist">testAddToWishlist</a> <!-- method navigator-link -->
                      </span>
                      <br/>
                      <span>
                        <img src="passed.png" width="3%"/>
                        <a href="#" panel-name="suite-Default_suite" title="tests.ProfileTests" class="method navigator-link" hash-for-method="testChangePassword">testChangePassword</a> <!-- method navigator-link -->
                      </span>
                      <br/>
                      <span>
                        <img src="passed.png" width="3%"/>
                        <a href="#" panel-name="suite-Default_suite" title="tests.LoginTests" class="method navigator-link" hash-for-method="testLoginWithInvalidPassword(rameshamale26@gmail.com, Test@12)">testLoginWithInvalidPassword(rameshamale26@gmail.com, Test@12)</a> <!-- method navigator-link -->
                      </span>
                      <br/>
                      <span>
                        <img src="passed.png" width="3%"/>
                        <a href="#" panel-name="suite-Default_suite" title="tests.PaymentTests" class="method navigator-link" hash-for-method="testPaymentWithInvalidCard">testPaymentWithInvalidCard</a> <!-- method navigator-link -->
                      </span>
                      <br/>
                      <span>
                        <img src="passed.png" width="3%"/>
                        <a href="#" panel-name="suite-Default_suite" title="tests.PaymentTests" class="method navigator-link" hash-for-method="testPaymentWithValidCard">testPaymentWithValidCard</a> <!-- method navigator-link -->
                      </span>
                      <br/>
                      <span>
                        <img src="passed.png" width="3%"/>
                        <a href="#" panel-name="suite-Default_suite" title="tests.CheckoutTests" class="method navigator-link" hash-for-method="testProceedToCheckoutWithCOD">testProceedToCheckoutWithCOD</a> <!-- method navigator-link -->
                      </span>
                      <br/>
                      <span>
                        <img src="passed.png" width="3%"/>
                        <a href="#" panel-name="suite-Default_suite" title="tests.CheckoutTests" class="method navigator-link" hash-for-method="testProceedToCheckoutWithCard">testProceedToCheckoutWithCard</a> <!-- method navigator-link -->
                      </span>
                      <br/>
                      <span>
                        <img src="passed.png" width="3%"/>
                        <a href="#" panel-name="suite-Default_suite" title="tests.RegistrationTests" class="method navigator-link" hash-for-method="testRegistrationWithExistingEmail">testRegistrationWithExistingEmail</a> <!-- method navigator-link -->
                      </span>
                      <br/>
                      <span>
                        <img src="passed.png" width="3%"/>
                        <a href="#" panel-name="suite-Default_suite" title="tests.RegistrationTests" class="method navigator-link" hash-for-method="testRegistrationWithValidDetails">testRegistrationWithValidDetails</a> <!-- method navigator-link -->
                      </span>
                      <br/>
                      <span>
                        <img src="passed.png" width="3%"/>
                        <a href="#" panel-name="suite-Default_suite" title="tests.WishlistTests" class="method navigator-link" hash-for-method="testRemoveFromWishlist">testRemoveFromWishlist</a> <!-- method navigator-link -->
                      </span>
                      <br/>
                      <span>
                        <img src="passed.png" width="3%"/>
                        <a href="#" panel-name="suite-Default_suite" title="tests.CartTests" class="method navigator-link" hash-for-method="testRemoveProductFromCart">testRemoveProductFromCart</a> <!-- method navigator-link -->
                      </span>
                      <br/>
                      <span>
                        <img src="passed.png" width="3%"/>
                        <a href="#" panel-name="suite-Default_suite" title="tests.OrderHistoryTests" class="method navigator-link" hash-for-method="testReorderProduct">testReorderProduct</a> <!-- method navigator-link -->
                      </span>
                      <br/>
                      <span>
                        <img src="passed.png" width="3%"/>
                        <a href="#" panel-name="suite-Default_suite" title="tests.SignUPTest" class="method navigator-link" hash-for-method="testSignUpWithEmptyAddress">testSignUpWithEmptyAddress</a> <!-- method navigator-link -->
                      </span>
                      <br/>
                      <span>
                        <img src="passed.png" width="3%"/>
                        <a href="#" panel-name="suite-Default_suite" title="tests.SignUPTest" class="method navigator-link" hash-for-method="testSignUpWithEmptyFirstName">testSignUpWithEmptyFirstName</a> <!-- method navigator-link -->
                      </span>
                      <br/>
                      <span>
                        <img src="passed.png" width="3%"/>
                        <a href="#" panel-name="suite-Default_suite" title="tests.SignUPTest" class="method navigator-link" hash-for-method="testSignUpWithEmptyLastName">testSignUpWithEmptyLastName</a> <!-- method navigator-link -->
                      </span>
                      <br/>
                      <span>
                        <img src="passed.png" width="3%"/>
                        <a href="#" panel-name="suite-Default_suite" title="tests.SignUPTest" class="method navigator-link" hash-for-method="testSignUpWithEmptyMobileNumber">testSignUpWithEmptyMobileNumber</a> <!-- method navigator-link -->
                      </span>
                      <br/>
                      <span>
                        <img src="passed.png" width="3%"/>
                        <a href="#" panel-name="suite-Default_suite" title="tests.RegistrationTests" class="method navigator-link" hash-for-method="testSignUpWithEmptyName">testSignUpWithEmptyName</a> <!-- method navigator-link -->
                      </span>
                      <br/>
                      <span>
                        <img src="passed.png" width="3%"/>
                        <a href="#" panel-name="suite-Default_suite" title="tests.SignUPTest" class="method navigator-link" hash-for-method="testSignUpWithEmptyPassword">testSignUpWithEmptyPassword</a> <!-- method navigator-link -->
                      </span>
                      <br/>
                      <span>
                        <img src="passed.png" width="3%"/>
                        <a href="#" panel-name="suite-Default_suite" title="tests.SignUPTest" class="method navigator-link" hash-for-method="testSignUpWithEmptyState">testSignUpWithEmptyState</a> <!-- method navigator-link -->
                      </span>
                      <br/>
                      <span>
                        <img src="passed.png" width="3%"/>
                        <a href="#" panel-name="suite-Default_suite" title="tests.SignUPTest" class="method navigator-link" hash-for-method="testSignUpWithEmptyZipCode">testSignUpWithEmptyZipCode</a> <!-- method navigator-link -->
                      </span>
                      <br/>
                      <span>
                        <img src="passed.png" width="3%"/>
                        <a href="#" panel-name="suite-Default_suite" title="tests.CartTests" class="method navigator-link" hash-for-method="testUpdateCartQuantity">testUpdateCartQuantity</a> <!-- method navigator-link -->
                      </span>
                      <br/>
                      <span>
                        <img src="passed.png" width="3%"/>
                        <a href="#" panel-name="suite-Default_suite" title="tests.ProfileTests" class="method navigator-link" hash-for-method="testUpdateProfileInfo">testUpdateProfileInfo</a> <!-- method navigator-link -->
                      </span>
                      <br/>
                      <span>
                        <img src="passed.png" width="3%"/>
                        <a href="#" panel-name="suite-Default_suite" title="tests.OrderHistoryTests" class="method navigator-link" hash-for-method="testViewOrderHistory">testViewOrderHistory</a> <!-- method navigator-link -->
                      </span>
                      <br/>
                      <span>
                        <img src="passed.png" width="3%"/>
                        <a href="#" panel-name="suite-Default_suite" title="tests.ProductSearchTests" class="method navigator-link" hash-for-method="verifyAllSubcategories">verifyAllSubcategories</a> <!-- method navigator-link -->
                      </span>
                      <br/>
                      <span>
                        <img src="passed.png" width="3%"/>
                        <a href="#" panel-name="suite-Default_suite" title="tests.HomeTest" class="method navigator-link" hash-for-method="verifyBrandsName">verifyBrandsName</a> <!-- method navigator-link -->
                      </span>
                      <br/>
                      <span>
                        <img src="passed.png" width="3%"/>
                        <a href="#" panel-name="suite-Default_suite" title="tests.HomeTest" class="method navigator-link" hash-for-method="verifyCategoryName">verifyCategoryName</a> <!-- method navigator-link -->
                      </span>
                      <br/>
                      <span>
                        <img src="passed.png" width="3%"/>
                        <a href="#" panel-name="suite-Default_suite" title="tests.e2e" class="method navigator-link" hash-for-method="verifyInvoiceDownload">verifyInvoiceDownload</a> <!-- method navigator-link -->
                      </span>
                      <br/>
                      <span>
                        <img src="passed.png" width="3%"/>
                        <a href="#" panel-name="suite-Default_suite" title="tests.LoginTests" class="method navigator-link" hash-for-method="verifyLogoIsDisplayed">verifyLogoIsDisplayed</a> <!-- method navigator-link -->
                      </span>
                      <br/>
                      <span>
                        <img src="passed.png" width="3%"/>
                        <a href="#" panel-name="suite-Default_suite" title="tests.ProductSearchTests" class="method navigator-link" hash-for-method="verifyProductCount">verifyProductCount</a> <!-- method navigator-link -->
                      </span>
                      <br/>
                      <span>
                        <img src="passed.png" width="3%"/>
                        <a href="#" panel-name="suite-Default_suite" title="tests.HomeTest" class="method navigator-link" hash-for-method="verifyThreeSliderArePresent">verifyThreeSliderArePresent</a> <!-- method navigator-link -->
                      </span>
                      <br/>
                    </div> <!-- method-list-content passed suite-Default_suite -->
                  </li>
                </ul>
              </div> <!-- suite-section-content -->
            </div> <!-- result-section -->
          </div> <!-- navigator-suite-content -->
        </div> <!-- rounded-window -->
      </div> <!-- suite -->
    </div> <!-- navigator-root -->
    <div class="wrapper">
      <div class="main-panel-root">
        <div panel-name="suite-Default_suite" class="panel Default_suite">
          <div class="suite-Default_suite-class-failed">
            <div class="main-panel-header rounded-window-top">
              <img src="failed.png"/>
              <span class="class-name">tests.ProductSearchTests</span>
            </div> <!-- main-panel-header rounded-window-top -->
            <div class="main-panel-content rounded-window-bottom">
              <div class="method">
                <div class="method-content">
                  <a name="AddPerticularProductInCart">
                  </a> <!-- AddPerticularProductInCart -->
                  <span class="method-name">AddPerticularProductInCart</span>
                  <div class="stack-trace">org.openqa.selenium.NoSuchElementException: no such element: Unable to locate element: {&quot;method&quot;:&quot;css selector&quot;,&quot;selector&quot;:&quot;div.modal-body a[href=&apos;/login&apos;]&quot;}
  (Session info: chrome=137.0.7151.69)
For documentation on this error, please visit: https://www.selenium.dev/documentation/webdriver/troubleshooting/errors#no-such-element-exception
Build info: version: &apos;4.19.1&apos;, revision: &apos;abe0ee07dc&apos;
System info: os.name: &apos;Windows 11&apos;, os.arch: &apos;amd64&apos;, os.version: &apos;10.0&apos;, java.version: &apos;17.0.10&apos;
Driver info: org.openqa.selenium.chrome.ChromeDriver
Command: [ad772a15a1579cedac287243d5f2ee9f, findElement {value=div.modal-body a[href=&apos;/login&apos;], using=css selector}]
Capabilities {acceptInsecureCerts: false, browserName: chrome, browserVersion: 137.0.7151.69, chrome: {chromedriverVersion: 137.0.7151.68 (2989ffee9373..., userDataDir: C:\Users\dell\AppData\Local...}, fedcm:accounts: true, goog:chromeOptions: {debuggerAddress: localhost:61342}, networkConnectionEnabled: false, pageLoadStrategy: normal, platformName: windows, proxy: Proxy(), se:cdp: ws://localhost:61342/devtoo..., se:cdpVersion: 137.0.7151.69, setWindowRect: true, strictFileInteractability: false, timeouts: {implicit: 0, pageLoad: 300000, script: 30000}, unhandledPromptBehavior: dismiss and notify, webauthn:extension:credBlob: true, webauthn:extension:largeBlob: true, webauthn:extension:minPinLength: true, webauthn:extension:prf: true, webauthn:virtualAuthenticators: true}
Session ID: ad772a15a1579cedac287243d5f2ee9f
	at java.base/jdk.internal.reflect.NativeConstructorAccessorImpl.newInstance0(Native Method)
	at java.base/jdk.internal.reflect.NativeConstructorAccessorImpl.newInstance(NativeConstructorAccessorImpl.java:77)
	at java.base/jdk.internal.reflect.DelegatingConstructorAccessorImpl.newInstance(DelegatingConstructorAccessorImpl.java:45)
	at java.base/java.lang.reflect.Constructor.newInstanceWithCaller(Constructor.java:499)
	at java.base/java.lang.reflect.Constructor.newInstance(Constructor.java:480)
	at org.openqa.selenium.remote.ErrorCodec.decode(ErrorCodec.java:167)
	at org.openqa.selenium.remote.codec.w3c.W3CHttpResponseCodec.decode(W3CHttpResponseCodec.java:138)
	at org.openqa.selenium.remote.codec.w3c.W3CHttpResponseCodec.decode(W3CHttpResponseCodec.java:50)
	at org.openqa.selenium.remote.HttpCommandExecutor.execute(HttpCommandExecutor.java:190)
	at org.openqa.selenium.remote.service.DriverCommandExecutor.invokeExecute(DriverCommandExecutor.java:216)
	at org.openqa.selenium.remote.service.DriverCommandExecutor.execute(DriverCommandExecutor.java:174)
	at org.openqa.selenium.remote.RemoteWebDriver.execute(RemoteWebDriver.java:518)
	at org.openqa.selenium.remote.ElementLocation$ElementFinder$2.findElement(ElementLocation.java:165)
	at org.openqa.selenium.remote.ElementLocation.findElement(ElementLocation.java:59)
	at org.openqa.selenium.remote.RemoteWebDriver.findElement(RemoteWebDriver.java:355)
	at org.openqa.selenium.remote.RemoteWebDriver.findElement(RemoteWebDriver.java:349)
	at org.openqa.selenium.support.pagefactory.DefaultElementLocator.findElement(DefaultElementLocator.java:68)
	at org.openqa.selenium.support.pagefactory.internal.LocatingElementHandler.invoke(LocatingElementHandler.java:38)
	at jdk.proxy2/jdk.proxy2.$Proxy19.getWrappedElement(Unknown Source)
	at org.openqa.selenium.remote.WebElementToJsonConverter.apply(WebElementToJsonConverter.java:48)
	at java.base/java.util.stream.ReferencePipeline$3$1.accept(ReferencePipeline.java:197)
	at java.base/java.util.Spliterators$ArraySpliterator.forEachRemaining(Spliterators.java:992)
	at java.base/java.util.stream.AbstractPipeline.copyInto(AbstractPipeline.java:509)
	at java.base/java.util.stream.AbstractPipeline.wrapAndCopyInto(AbstractPipeline.java:499)
	at java.base/java.util.stream.ReduceOps$ReduceOp.evaluateSequential(ReduceOps.java:921)
	at java.base/java.util.stream.AbstractPipeline.evaluate(AbstractPipeline.java:234)
	at java.base/java.util.stream.ReferencePipeline.collect(ReferencePipeline.java:682)
	at org.openqa.selenium.remote.RemoteWebDriver.executeScript(RemoteWebDriver.java:461)
	at pages.CartPage.clickOnRegisterLogin(CartPage.java:68)
	at tests.ProductSearchTests.AddPerticularProductInCart(ProductSearchTests.java:79)
	at java.base/jdk.internal.reflect.NativeMethodAccessorImpl.invoke0(Native Method)
	at java.base/jdk.internal.reflect.NativeMethodAccessorImpl.invoke(NativeMethodAccessorImpl.java:77)
	at java.base/jdk.internal.reflect.DelegatingMethodAccessorImpl.invoke(DelegatingMethodAccessorImpl.java:43)
	at java.base/java.lang.reflect.Method.invoke(Method.java:568)
	at org.testng.internal.MethodInvocationHelper.invokeMethod(MethodInvocationHelper.java:133)
	at org.testng.internal.TestInvoker.invokeMethod(TestInvoker.java:598)
	at org.testng.internal.TestInvoker.invokeTestMethod(TestInvoker.java:173)
	at org.testng.internal.MethodRunner.runInSequence(MethodRunner.java:46)
	at org.testng.internal.TestInvoker$MethodInvocationAgent.invoke(TestInvoker.java:824)
	at org.testng.internal.TestInvoker.invokeTestMethods(TestInvoker.java:146)
	at org.testng.internal.TestMethodWorker.invokeTestMethods(TestMethodWorker.java:146)
	at org.testng.internal.TestMethodWorker.run(TestMethodWorker.java:128)
	at java.base/java.util.ArrayList.forEach(ArrayList.java:1511)
	at org.testng.TestRunner.privateRun(TestRunner.java:794)
	at org.testng.TestRunner.run(TestRunner.java:596)
	at org.testng.SuiteRunner.runTest(SuiteRunner.java:377)
	at org.testng.SuiteRunner.runSequentially(SuiteRunner.java:371)
	at org.testng.SuiteRunner.privateRun(SuiteRunner.java:332)
	at org.testng.SuiteRunner.run(SuiteRunner.java:276)
	at org.testng.SuiteRunnerWorker.runSuite(SuiteRunnerWorker.java:53)
	at org.testng.SuiteRunnerWorker.run(SuiteRunnerWorker.java:96)
	at org.testng.TestNG.runSuitesSequentially(TestNG.java:1212)
	at org.testng.TestNG.runSuitesLocally(TestNG.java:1134)
	at org.testng.TestNG.runSuites(TestNG.java:1063)
	at org.testng.TestNG.run(TestNG.java:1031)
	at org.testng.remote.AbstractRemoteTestNG.run(AbstractRemoteTestNG.java:115)
	at org.testng.remote.RemoteTestNG.initAndRun(RemoteTestNG.java:251)
	at org.testng.remote.RemoteTestNG.main(RemoteTestNG.java:77)

</div> <!-- stack-trace -->
                </div> <!-- method-content -->
              </div> <!-- method -->
            </div> <!-- main-panel-content rounded-window-bottom -->
          </div> <!-- suite-Default_suite-class-failed -->
          <div class="suite-Default_suite-class-failed">
            <div class="main-panel-header rounded-window-top">
              <img src="failed.png"/>
              <span class="class-name">tests.HomeTest</span>
            </div> <!-- main-panel-header rounded-window-top -->
            <div class="main-panel-content rounded-window-bottom">
              <div class="method">
                <div class="method-content">
                  <a name="LogOut">
                  </a> <!-- LogOut -->
                  <span class="method-name">LogOut</span>
                  <div class="stack-trace">org.openqa.selenium.NoSuchElementException: no such element: Unable to locate element: {&quot;method&quot;:&quot;xpath&quot;,&quot;selector&quot;:&quot;//a[text()=&apos; Logout&apos;]&quot;}
  (Session info: chrome=137.0.7151.69)
For documentation on this error, please visit: https://www.selenium.dev/documentation/webdriver/troubleshooting/errors#no-such-element-exception
Build info: version: &apos;4.19.1&apos;, revision: &apos;abe0ee07dc&apos;
System info: os.name: &apos;Windows 11&apos;, os.arch: &apos;amd64&apos;, os.version: &apos;10.0&apos;, java.version: &apos;17.0.10&apos;
Driver info: org.openqa.selenium.chrome.ChromeDriver
Command: [a13b507f318e6641201dc9f94e891f1f, findElement {value=//a[text()=&apos; Logout&apos;], using=xpath}]
Capabilities {acceptInsecureCerts: false, browserName: chrome, browserVersion: 137.0.7151.69, chrome: {chromedriverVersion: 137.0.7151.68 (2989ffee9373..., userDataDir: C:\Users\dell\AppData\Local...}, fedcm:accounts: true, goog:chromeOptions: {debuggerAddress: localhost:61576}, networkConnectionEnabled: false, pageLoadStrategy: normal, platformName: windows, proxy: Proxy(), se:cdp: ws://localhost:61576/devtoo..., se:cdpVersion: 137.0.7151.69, setWindowRect: true, strictFileInteractability: false, timeouts: {implicit: 0, pageLoad: 300000, script: 30000}, unhandledPromptBehavior: dismiss and notify, webauthn:extension:credBlob: true, webauthn:extension:largeBlob: true, webauthn:extension:minPinLength: true, webauthn:extension:prf: true, webauthn:virtualAuthenticators: true}
Session ID: a13b507f318e6641201dc9f94e891f1f
	at java.base/jdk.internal.reflect.NativeConstructorAccessorImpl.newInstance0(Native Method)
	at java.base/jdk.internal.reflect.NativeConstructorAccessorImpl.newInstance(NativeConstructorAccessorImpl.java:77)
	at java.base/jdk.internal.reflect.DelegatingConstructorAccessorImpl.newInstance(DelegatingConstructorAccessorImpl.java:45)
	at java.base/java.lang.reflect.Constructor.newInstanceWithCaller(Constructor.java:499)
	at java.base/java.lang.reflect.Constructor.newInstance(Constructor.java:480)
	at org.openqa.selenium.remote.ErrorCodec.decode(ErrorCodec.java:167)
	at org.openqa.selenium.remote.codec.w3c.W3CHttpResponseCodec.decode(W3CHttpResponseCodec.java:138)
	at org.openqa.selenium.remote.codec.w3c.W3CHttpResponseCodec.decode(W3CHttpResponseCodec.java:50)
	at org.openqa.selenium.remote.HttpCommandExecutor.execute(HttpCommandExecutor.java:190)
	at org.openqa.selenium.remote.service.DriverCommandExecutor.invokeExecute(DriverCommandExecutor.java:216)
	at org.openqa.selenium.remote.service.DriverCommandExecutor.execute(DriverCommandExecutor.java:174)
	at org.openqa.selenium.remote.RemoteWebDriver.execute(RemoteWebDriver.java:518)
	at org.openqa.selenium.remote.ElementLocation$ElementFinder$2.findElement(ElementLocation.java:165)
	at org.openqa.selenium.remote.ElementLocation.findElement(ElementLocation.java:59)
	at org.openqa.selenium.remote.RemoteWebDriver.findElement(RemoteWebDriver.java:355)
	at org.openqa.selenium.remote.RemoteWebDriver.findElement(RemoteWebDriver.java:349)
	at org.openqa.selenium.support.pagefactory.DefaultElementLocator.findElement(DefaultElementLocator.java:68)
	at org.openqa.selenium.support.pagefactory.internal.LocatingElementHandler.invoke(LocatingElementHandler.java:38)
	at jdk.proxy2/jdk.proxy2.$Proxy19.click(Unknown Source)
	at pages.HomePage.clickOnLogout(HomePage.java:76)
	at pages.HomePage.LogOut(HomePage.java:120)
	at tests.HomeTest.LogOut(HomeTest.java:45)
	at java.base/jdk.internal.reflect.NativeMethodAccessorImpl.invoke0(Native Method)
	at java.base/jdk.internal.reflect.NativeMethodAccessorImpl.invoke(NativeMethodAccessorImpl.java:77)
	at java.base/jdk.internal.reflect.DelegatingMethodAccessorImpl.invoke(DelegatingMethodAccessorImpl.java:43)
	at java.base/java.lang.reflect.Method.invoke(Method.java:568)
	at org.testng.internal.MethodInvocationHelper.invokeMethod(MethodInvocationHelper.java:133)
	at org.testng.internal.TestInvoker.invokeMethod(TestInvoker.java:598)
	at org.testng.internal.TestInvoker.invokeTestMethod(TestInvoker.java:173)
	at org.testng.internal.MethodRunner.runInSequence(MethodRunner.java:46)
	at org.testng.internal.TestInvoker$MethodInvocationAgent.invoke(TestInvoker.java:824)
	at org.testng.internal.TestInvoker.invokeTestMethods(TestInvoker.java:146)
	at org.testng.internal.TestMethodWorker.invokeTestMethods(TestMethodWorker.java:146)
	at org.testng.internal.TestMethodWorker.run(TestMethodWorker.java:128)
	at java.base/java.util.ArrayList.forEach(ArrayList.java:1511)
	at org.testng.TestRunner.privateRun(TestRunner.java:794)
	at org.testng.TestRunner.run(TestRunner.java:596)
	at org.testng.SuiteRunner.runTest(SuiteRunner.java:377)
	at org.testng.SuiteRunner.runSequentially(SuiteRunner.java:371)
	at org.testng.SuiteRunner.privateRun(SuiteRunner.java:332)
	at org.testng.SuiteRunner.run(SuiteRunner.java:276)
	at org.testng.SuiteRunnerWorker.runSuite(SuiteRunnerWorker.java:53)
	at org.testng.SuiteRunnerWorker.run(SuiteRunnerWorker.java:96)
	at org.testng.TestNG.runSuitesSequentially(TestNG.java:1212)
	at org.testng.TestNG.runSuitesLocally(TestNG.java:1134)
	at org.testng.TestNG.runSuites(TestNG.java:1063)
	at org.testng.TestNG.run(TestNG.java:1031)
	at org.testng.remote.AbstractRemoteTestNG.run(AbstractRemoteTestNG.java:115)
	at org.testng.remote.RemoteTestNG.initAndRun(RemoteTestNG.java:251)
	at org.testng.remote.RemoteTestNG.main(RemoteTestNG.java:77)

</div> <!-- stack-trace -->
                </div> <!-- method-content -->
              </div> <!-- method -->
              <div class="method">
                <div class="method-content">
                  <a name="verifyBrandsHeadingIsPresent">
                  </a> <!-- verifyBrandsHeadingIsPresent -->
                  <span class="method-name">verifyBrandsHeadingIsPresent</span>
                  <div class="stack-trace">org.openqa.selenium.NoSuchElementException: no such element: Unable to locate element: {&quot;method&quot;:&quot;xpath&quot;,&quot;selector&quot;:&quot;//h2[text()=&apos;Brands&apos;]&quot;}
  (Session info: chrome=137.0.7151.69)
For documentation on this error, please visit: https://www.selenium.dev/documentation/webdriver/troubleshooting/errors#no-such-element-exception
Build info: version: &apos;4.19.1&apos;, revision: &apos;abe0ee07dc&apos;
System info: os.name: &apos;Windows 11&apos;, os.arch: &apos;amd64&apos;, os.version: &apos;10.0&apos;, java.version: &apos;17.0.10&apos;
Driver info: org.openqa.selenium.chrome.ChromeDriver
Command: [a13b507f318e6641201dc9f94e891f1f, findElement {value=//h2[text()=&apos;Brands&apos;], using=xpath}]
Capabilities {acceptInsecureCerts: false, browserName: chrome, browserVersion: 137.0.7151.69, chrome: {chromedriverVersion: 137.0.7151.68 (2989ffee9373..., userDataDir: C:\Users\dell\AppData\Local...}, fedcm:accounts: true, goog:chromeOptions: {debuggerAddress: localhost:61576}, networkConnectionEnabled: false, pageLoadStrategy: normal, platformName: windows, proxy: Proxy(), se:cdp: ws://localhost:61576/devtoo..., se:cdpVersion: 137.0.7151.69, setWindowRect: true, strictFileInteractability: false, timeouts: {implicit: 0, pageLoad: 300000, script: 30000}, unhandledPromptBehavior: dismiss and notify, webauthn:extension:credBlob: true, webauthn:extension:largeBlob: true, webauthn:extension:minPinLength: true, webauthn:extension:prf: true, webauthn:virtualAuthenticators: true}
Session ID: a13b507f318e6641201dc9f94e891f1f
	at java.base/jdk.internal.reflect.NativeConstructorAccessorImpl.newInstance0(Native Method)
	at java.base/jdk.internal.reflect.NativeConstructorAccessorImpl.newInstance(NativeConstructorAccessorImpl.java:77)
	at java.base/jdk.internal.reflect.DelegatingConstructorAccessorImpl.newInstance(DelegatingConstructorAccessorImpl.java:45)
	at java.base/java.lang.reflect.Constructor.newInstanceWithCaller(Constructor.java:499)
	at java.base/java.lang.reflect.Constructor.newInstance(Constructor.java:480)
	at org.openqa.selenium.remote.ErrorCodec.decode(ErrorCodec.java:167)
	at org.openqa.selenium.remote.codec.w3c.W3CHttpResponseCodec.decode(W3CHttpResponseCodec.java:138)
	at org.openqa.selenium.remote.codec.w3c.W3CHttpResponseCodec.decode(W3CHttpResponseCodec.java:50)
	at org.openqa.selenium.remote.HttpCommandExecutor.execute(HttpCommandExecutor.java:190)
	at org.openqa.selenium.remote.service.DriverCommandExecutor.invokeExecute(DriverCommandExecutor.java:216)
	at org.openqa.selenium.remote.service.DriverCommandExecutor.execute(DriverCommandExecutor.java:174)
	at org.openqa.selenium.remote.RemoteWebDriver.execute(RemoteWebDriver.java:518)
	at org.openqa.selenium.remote.ElementLocation$ElementFinder$2.findElement(ElementLocation.java:165)
	at org.openqa.selenium.remote.ElementLocation.findElement(ElementLocation.java:59)
	at org.openqa.selenium.remote.RemoteWebDriver.findElement(RemoteWebDriver.java:355)
	at org.openqa.selenium.remote.RemoteWebDriver.findElement(RemoteWebDriver.java:349)
	at org.openqa.selenium.support.pagefactory.DefaultElementLocator.findElement(DefaultElementLocator.java:68)
	at org.openqa.selenium.support.pagefactory.internal.LocatingElementHandler.invoke(LocatingElementHandler.java:38)
	at jdk.proxy2/jdk.proxy2.$Proxy19.getText(Unknown Source)
	at pages.HomePage.verifyTheBrandsHeading(HomePage.java:96)
	at tests.HomeTest.verifyBrandsHeadingIsPresent(HomeTest.java:27)
	at java.base/jdk.internal.reflect.NativeMethodAccessorImpl.invoke0(Native Method)
	at java.base/jdk.internal.reflect.NativeMethodAccessorImpl.invoke(NativeMethodAccessorImpl.java:77)
	at java.base/jdk.internal.reflect.DelegatingMethodAccessorImpl.invoke(DelegatingMethodAccessorImpl.java:43)
	at java.base/java.lang.reflect.Method.invoke(Method.java:568)
	at org.testng.internal.MethodInvocationHelper.invokeMethod(MethodInvocationHelper.java:133)
	at org.testng.internal.TestInvoker.invokeMethod(TestInvoker.java:598)
	at org.testng.internal.TestInvoker.invokeTestMethod(TestInvoker.java:173)
	at org.testng.internal.MethodRunner.runInSequence(MethodRunner.java:46)
	at org.testng.internal.TestInvoker$MethodInvocationAgent.invoke(TestInvoker.java:824)
	at org.testng.internal.TestInvoker.invokeTestMethods(TestInvoker.java:146)
	at org.testng.internal.TestMethodWorker.invokeTestMethods(TestMethodWorker.java:146)
	at org.testng.internal.TestMethodWorker.run(TestMethodWorker.java:128)
	at java.base/java.util.ArrayList.forEach(ArrayList.java:1511)
	at org.testng.TestRunner.privateRun(TestRunner.java:794)
	at org.testng.TestRunner.run(TestRunner.java:596)
	at org.testng.SuiteRunner.runTest(SuiteRunner.java:377)
	at org.testng.SuiteRunner.runSequentially(SuiteRunner.java:371)
	at org.testng.SuiteRunner.privateRun(SuiteRunner.java:332)
	at org.testng.SuiteRunner.run(SuiteRunner.java:276)
	at org.testng.SuiteRunnerWorker.runSuite(SuiteRunnerWorker.java:53)
	at org.testng.SuiteRunnerWorker.run(SuiteRunnerWorker.java:96)
	at org.testng.TestNG.runSuitesSequentially(TestNG.java:1212)
	at org.testng.TestNG.runSuitesLocally(TestNG.java:1134)
	at org.testng.TestNG.runSuites(TestNG.java:1063)
	at org.testng.TestNG.run(TestNG.java:1031)
	at org.testng.remote.AbstractRemoteTestNG.run(AbstractRemoteTestNG.java:115)
	at org.testng.remote.RemoteTestNG.initAndRun(RemoteTestNG.java:251)
	at org.testng.remote.RemoteTestNG.main(RemoteTestNG.java:77)

</div> <!-- stack-trace -->
                </div> <!-- method-content -->
              </div> <!-- method -->
              <div class="method">
                <div class="method-content">
                  <a name="verifyCategoryHeadingIsPresent">
                  </a> <!-- verifyCategoryHeadingIsPresent -->
                  <span class="method-name">verifyCategoryHeadingIsPresent</span>
                  <div class="stack-trace">org.openqa.selenium.NoSuchElementException: no such element: Unable to locate element: {&quot;method&quot;:&quot;xpath&quot;,&quot;selector&quot;:&quot;//h2[text()=&apos;Category&apos;]&quot;}
  (Session info: chrome=137.0.7151.69)
For documentation on this error, please visit: https://www.selenium.dev/documentation/webdriver/troubleshooting/errors#no-such-element-exception
Build info: version: &apos;4.19.1&apos;, revision: &apos;abe0ee07dc&apos;
System info: os.name: &apos;Windows 11&apos;, os.arch: &apos;amd64&apos;, os.version: &apos;10.0&apos;, java.version: &apos;17.0.10&apos;
Driver info: org.openqa.selenium.chrome.ChromeDriver
Command: [a13b507f318e6641201dc9f94e891f1f, findElement {value=//h2[text()=&apos;Category&apos;], using=xpath}]
Capabilities {acceptInsecureCerts: false, browserName: chrome, browserVersion: 137.0.7151.69, chrome: {chromedriverVersion: 137.0.7151.68 (2989ffee9373..., userDataDir: C:\Users\dell\AppData\Local...}, fedcm:accounts: true, goog:chromeOptions: {debuggerAddress: localhost:61576}, networkConnectionEnabled: false, pageLoadStrategy: normal, platformName: windows, proxy: Proxy(), se:cdp: ws://localhost:61576/devtoo..., se:cdpVersion: 137.0.7151.69, setWindowRect: true, strictFileInteractability: false, timeouts: {implicit: 0, pageLoad: 300000, script: 30000}, unhandledPromptBehavior: dismiss and notify, webauthn:extension:credBlob: true, webauthn:extension:largeBlob: true, webauthn:extension:minPinLength: true, webauthn:extension:prf: true, webauthn:virtualAuthenticators: true}
Session ID: a13b507f318e6641201dc9f94e891f1f
	at java.base/jdk.internal.reflect.NativeConstructorAccessorImpl.newInstance0(Native Method)
	at java.base/jdk.internal.reflect.NativeConstructorAccessorImpl.newInstance(NativeConstructorAccessorImpl.java:77)
	at java.base/jdk.internal.reflect.DelegatingConstructorAccessorImpl.newInstance(DelegatingConstructorAccessorImpl.java:45)
	at java.base/java.lang.reflect.Constructor.newInstanceWithCaller(Constructor.java:499)
	at java.base/java.lang.reflect.Constructor.newInstance(Constructor.java:480)
	at org.openqa.selenium.remote.ErrorCodec.decode(ErrorCodec.java:167)
	at org.openqa.selenium.remote.codec.w3c.W3CHttpResponseCodec.decode(W3CHttpResponseCodec.java:138)
	at org.openqa.selenium.remote.codec.w3c.W3CHttpResponseCodec.decode(W3CHttpResponseCodec.java:50)
	at org.openqa.selenium.remote.HttpCommandExecutor.execute(HttpCommandExecutor.java:190)
	at org.openqa.selenium.remote.service.DriverCommandExecutor.invokeExecute(DriverCommandExecutor.java:216)
	at org.openqa.selenium.remote.service.DriverCommandExecutor.execute(DriverCommandExecutor.java:174)
	at org.openqa.selenium.remote.RemoteWebDriver.execute(RemoteWebDriver.java:518)
	at org.openqa.selenium.remote.ElementLocation$ElementFinder$2.findElement(ElementLocation.java:165)
	at org.openqa.selenium.remote.ElementLocation.findElement(ElementLocation.java:59)
	at org.openqa.selenium.remote.RemoteWebDriver.findElement(RemoteWebDriver.java:355)
	at org.openqa.selenium.remote.RemoteWebDriver.findElement(RemoteWebDriver.java:349)
	at org.openqa.selenium.support.pagefactory.DefaultElementLocator.findElement(DefaultElementLocator.java:68)
	at org.openqa.selenium.support.pagefactory.internal.LocatingElementHandler.invoke(LocatingElementHandler.java:38)
	at jdk.proxy2/jdk.proxy2.$Proxy19.getText(Unknown Source)
	at pages.HomePage.verifyTheCategoryHeading(HomePage.java:92)
	at tests.HomeTest.verifyCategoryHeadingIsPresent(HomeTest.java:21)
	at java.base/jdk.internal.reflect.NativeMethodAccessorImpl.invoke0(Native Method)
	at java.base/jdk.internal.reflect.NativeMethodAccessorImpl.invoke(NativeMethodAccessorImpl.java:77)
	at java.base/jdk.internal.reflect.DelegatingMethodAccessorImpl.invoke(DelegatingMethodAccessorImpl.java:43)
	at java.base/java.lang.reflect.Method.invoke(Method.java:568)
	at org.testng.internal.MethodInvocationHelper.invokeMethod(MethodInvocationHelper.java:133)
	at org.testng.internal.TestInvoker.invokeMethod(TestInvoker.java:598)
	at org.testng.internal.TestInvoker.invokeTestMethod(TestInvoker.java:173)
	at org.testng.internal.MethodRunner.runInSequence(MethodRunner.java:46)
	at org.testng.internal.TestInvoker$MethodInvocationAgent.invoke(TestInvoker.java:824)
	at org.testng.internal.TestInvoker.invokeTestMethods(TestInvoker.java:146)
	at org.testng.internal.TestMethodWorker.invokeTestMethods(TestMethodWorker.java:146)
	at org.testng.internal.TestMethodWorker.run(TestMethodWorker.java:128)
	at java.base/java.util.ArrayList.forEach(ArrayList.java:1511)
	at org.testng.TestRunner.privateRun(TestRunner.java:794)
	at org.testng.TestRunner.run(TestRunner.java:596)
	at org.testng.SuiteRunner.runTest(SuiteRunner.java:377)
	at org.testng.SuiteRunner.runSequentially(SuiteRunner.java:371)
	at org.testng.SuiteRunner.privateRun(SuiteRunner.java:332)
	at org.testng.SuiteRunner.run(SuiteRunner.java:276)
	at org.testng.SuiteRunnerWorker.runSuite(SuiteRunnerWorker.java:53)
	at org.testng.SuiteRunnerWorker.run(SuiteRunnerWorker.java:96)
	at org.testng.TestNG.runSuitesSequentially(TestNG.java:1212)
	at org.testng.TestNG.runSuitesLocally(TestNG.java:1134)
	at org.testng.TestNG.runSuites(TestNG.java:1063)
	at org.testng.TestNG.run(TestNG.java:1031)
	at org.testng.remote.AbstractRemoteTestNG.run(AbstractRemoteTestNG.java:115)
	at org.testng.remote.RemoteTestNG.initAndRun(RemoteTestNG.java:251)
	at org.testng.remote.RemoteTestNG.main(RemoteTestNG.java:77)

</div> <!-- stack-trace -->
                </div> <!-- method-content -->
              </div> <!-- method -->
            </div> <!-- main-panel-content rounded-window-bottom -->
          </div> <!-- suite-Default_suite-class-failed -->
          <div class="suite-Default_suite-class-failed">
            <div class="main-panel-header rounded-window-top">
              <img src="failed.png"/>
              <span class="class-name">tests.LoginTests</span>
            </div> <!-- main-panel-header rounded-window-top -->
            <div class="main-panel-content rounded-window-bottom">
              <div class="method">
                <div class="method-content">
                  <a name="testLoginWithValidCredentials(rameshamale26@gmail.com, Test@123)">
                  </a> <!-- testLoginWithValidCredentials(rameshamale26@gmail.com, Test@123) -->
                  <span class="method-name">testLoginWithValidCredentials</span>
                  <span class="parameters">(rameshamale26@gmail.com, Test@123)</span>
                  <div class="stack-trace">org.openqa.selenium.NoSuchElementException: no such element: Unable to locate element: {&quot;method&quot;:&quot;xpath&quot;,&quot;selector&quot;:&quot;//a[contains(text(),&apos;Logged in as&apos;)]/b&quot;}
  (Session info: chrome=137.0.7151.69)
For documentation on this error, please visit: https://www.selenium.dev/documentation/webdriver/troubleshooting/errors#no-such-element-exception
Build info: version: &apos;4.19.1&apos;, revision: &apos;abe0ee07dc&apos;
System info: os.name: &apos;Windows 11&apos;, os.arch: &apos;amd64&apos;, os.version: &apos;10.0&apos;, java.version: &apos;17.0.10&apos;
Driver info: org.openqa.selenium.chrome.ChromeDriver
Command: [e3141782b455029a57a7a13e1777164a, findElement {value=//a[contains(text(),&apos;Logged in as&apos;)]/b, using=xpath}]
Capabilities {acceptInsecureCerts: false, browserName: chrome, browserVersion: 137.0.7151.69, chrome: {chromedriverVersion: 137.0.7151.68 (2989ffee9373..., userDataDir: C:\Users\dell\AppData\Local...}, fedcm:accounts: true, goog:chromeOptions: {debuggerAddress: localhost:61552}, networkConnectionEnabled: false, pageLoadStrategy: normal, platformName: windows, proxy: Proxy(), se:cdp: ws://localhost:61552/devtoo..., se:cdpVersion: 137.0.7151.69, setWindowRect: true, strictFileInteractability: false, timeouts: {implicit: 0, pageLoad: 300000, script: 30000}, unhandledPromptBehavior: dismiss and notify, webauthn:extension:credBlob: true, webauthn:extension:largeBlob: true, webauthn:extension:minPinLength: true, webauthn:extension:prf: true, webauthn:virtualAuthenticators: true}
Session ID: e3141782b455029a57a7a13e1777164a
	at java.base/jdk.internal.reflect.NativeConstructorAccessorImpl.newInstance0(Native Method)
	at java.base/jdk.internal.reflect.NativeConstructorAccessorImpl.newInstance(NativeConstructorAccessorImpl.java:77)
	at java.base/jdk.internal.reflect.DelegatingConstructorAccessorImpl.newInstance(DelegatingConstructorAccessorImpl.java:45)
	at java.base/java.lang.reflect.Constructor.newInstanceWithCaller(Constructor.java:499)
	at java.base/java.lang.reflect.Constructor.newInstance(Constructor.java:480)
	at org.openqa.selenium.remote.ErrorCodec.decode(ErrorCodec.java:167)
	at org.openqa.selenium.remote.codec.w3c.W3CHttpResponseCodec.decode(W3CHttpResponseCodec.java:138)
	at org.openqa.selenium.remote.codec.w3c.W3CHttpResponseCodec.decode(W3CHttpResponseCodec.java:50)
	at org.openqa.selenium.remote.HttpCommandExecutor.execute(HttpCommandExecutor.java:190)
	at org.openqa.selenium.remote.service.DriverCommandExecutor.invokeExecute(DriverCommandExecutor.java:216)
	at org.openqa.selenium.remote.service.DriverCommandExecutor.execute(DriverCommandExecutor.java:174)
	at org.openqa.selenium.remote.RemoteWebDriver.execute(RemoteWebDriver.java:518)
	at org.openqa.selenium.remote.ElementLocation$ElementFinder$2.findElement(ElementLocation.java:165)
	at org.openqa.selenium.remote.ElementLocation.findElement(ElementLocation.java:59)
	at org.openqa.selenium.remote.RemoteWebDriver.findElement(RemoteWebDriver.java:355)
	at org.openqa.selenium.remote.RemoteWebDriver.findElement(RemoteWebDriver.java:349)
	at org.openqa.selenium.support.pagefactory.DefaultElementLocator.findElement(DefaultElementLocator.java:68)
	at org.openqa.selenium.support.pagefactory.internal.LocatingElementHandler.invoke(LocatingElementHandler.java:38)
	at jdk.proxy2/jdk.proxy2.$Proxy19.getText(Unknown Source)
	at pages.HomePage.verifyTheLoginPerson(HomePage.java:80)
	at tests.LoginTests.testLoginWithValidCredentials(LoginTests.java:33)
	at java.base/jdk.internal.reflect.NativeMethodAccessorImpl.invoke0(Native Method)
	at java.base/jdk.internal.reflect.NativeMethodAccessorImpl.invoke(NativeMethodAccessorImpl.java:77)
	at java.base/jdk.internal.reflect.DelegatingMethodAccessorImpl.invoke(DelegatingMethodAccessorImpl.java:43)
	at java.base/java.lang.reflect.Method.invoke(Method.java:568)
	at org.testng.internal.MethodInvocationHelper.invokeMethod(MethodInvocationHelper.java:133)
	at org.testng.internal.TestInvoker.invokeMethod(TestInvoker.java:598)
	at org.testng.internal.TestInvoker.invokeTestMethod(TestInvoker.java:173)
	at org.testng.internal.MethodRunner.runInSequence(MethodRunner.java:46)
	at org.testng.internal.TestInvoker$MethodInvocationAgent.invoke(TestInvoker.java:824)
	at org.testng.internal.TestInvoker.invokeTestMethods(TestInvoker.java:146)
	at org.testng.internal.TestMethodWorker.invokeTestMethods(TestMethodWorker.java:146)
	at org.testng.internal.TestMethodWorker.run(TestMethodWorker.java:128)
	at java.base/java.util.ArrayList.forEach(ArrayList.java:1511)
	at org.testng.TestRunner.privateRun(TestRunner.java:794)
	at org.testng.TestRunner.run(TestRunner.java:596)
	at org.testng.SuiteRunner.runTest(SuiteRunner.java:377)
	at org.testng.SuiteRunner.runSequentially(SuiteRunner.java:371)
	at org.testng.SuiteRunner.privateRun(SuiteRunner.java:332)
	at org.testng.SuiteRunner.run(SuiteRunner.java:276)
	at org.testng.SuiteRunnerWorker.runSuite(SuiteRunnerWorker.java:53)
	at org.testng.SuiteRunnerWorker.run(SuiteRunnerWorker.java:96)
	at org.testng.TestNG.runSuitesSequentially(TestNG.java:1212)
	at org.testng.TestNG.runSuitesLocally(TestNG.java:1134)
	at org.testng.TestNG.runSuites(TestNG.java:1063)
	at org.testng.TestNG.run(TestNG.java:1031)
	at org.testng.remote.AbstractRemoteTestNG.run(AbstractRemoteTestNG.java:115)
	at org.testng.remote.RemoteTestNG.initAndRun(RemoteTestNG.java:251)
	at org.testng.remote.RemoteTestNG.main(RemoteTestNG.java:77)

</div> <!-- stack-trace -->
                  <em>
(Login with valid details)                  </em>
                </div> <!-- method-content -->
              </div> <!-- method -->
            </div> <!-- main-panel-content rounded-window-bottom -->
          </div> <!-- suite-Default_suite-class-failed -->
          <div class="suite-Default_suite-class-passed">
            <div class="main-panel-header rounded-window-top">
              <img src="passed.png"/>
              <span class="class-name">tests.RegistrationTests</span>
            </div> <!-- main-panel-header rounded-window-top -->
            <div class="main-panel-content rounded-window-bottom">
              <div class="method">
                <div class="method-content">
                  <a name="testRegistrationWithExistingEmail">
                  </a> <!-- testRegistrationWithExistingEmail -->
                  <span class="method-name">testRegistrationWithExistingEmail</span>
                </div> <!-- method-content -->
              </div> <!-- method -->
              <div class="method">
                <div class="method-content">
                  <a name="testRegistrationWithValidDetails">
                  </a> <!-- testRegistrationWithValidDetails -->
                  <span class="method-name">testRegistrationWithValidDetails</span>
                </div> <!-- method-content -->
              </div> <!-- method -->
              <div class="method">
                <div class="method-content">
                  <a name="testSignUpWithEmptyName">
                  </a> <!-- testSignUpWithEmptyName -->
                  <span class="method-name">testSignUpWithEmptyName</span>
                </div> <!-- method-content -->
              </div> <!-- method -->
            </div> <!-- main-panel-content rounded-window-bottom -->
          </div> <!-- suite-Default_suite-class-passed -->
          <div class="suite-Default_suite-class-passed">
            <div class="main-panel-header rounded-window-top">
              <img src="passed.png"/>
              <span class="class-name">tests.e2e</span>
            </div> <!-- main-panel-header rounded-window-top -->
            <div class="main-panel-content rounded-window-bottom">
              <div class="method">
                <div class="method-content">
                  <a name="verifyInvoiceDownload">
                  </a> <!-- verifyInvoiceDownload -->
                  <span class="method-name">verifyInvoiceDownload</span>
                </div> <!-- method-content -->
              </div> <!-- method -->
            </div> <!-- main-panel-content rounded-window-bottom -->
          </div> <!-- suite-Default_suite-class-passed -->
          <div class="suite-Default_suite-class-passed">
            <div class="main-panel-header rounded-window-top">
              <img src="passed.png"/>
              <span class="class-name">tests.HomeTest</span>
            </div> <!-- main-panel-header rounded-window-top -->
            <div class="main-panel-content rounded-window-bottom">
              <div class="method">
                <div class="method-content">
                  <a name="addProductToCart">
                  </a> <!-- addProductToCart -->
                  <span class="method-name">addProductToCart</span>
                </div> <!-- method-content -->
              </div> <!-- method -->
              <div class="method">
                <div class="method-content">
                  <a name="verifyBrandsName">
                  </a> <!-- verifyBrandsName -->
                  <span class="method-name">verifyBrandsName</span>
                </div> <!-- method-content -->
              </div> <!-- method -->
              <div class="method">
                <div class="method-content">
                  <a name="verifyCategoryName">
                  </a> <!-- verifyCategoryName -->
                  <span class="method-name">verifyCategoryName</span>
                </div> <!-- method-content -->
              </div> <!-- method -->
              <div class="method">
                <div class="method-content">
                  <a name="verifyThreeSliderArePresent">
                  </a> <!-- verifyThreeSliderArePresent -->
                  <span class="method-name">verifyThreeSliderArePresent</span>
                </div> <!-- method-content -->
              </div> <!-- method -->
            </div> <!-- main-panel-content rounded-window-bottom -->
          </div> <!-- suite-Default_suite-class-passed -->
          <div class="suite-Default_suite-class-passed">
            <div class="main-panel-header rounded-window-top">
              <img src="passed.png"/>
              <span class="class-name">tests.WishlistTests</span>
            </div> <!-- main-panel-header rounded-window-top -->
            <div class="main-panel-content rounded-window-bottom">
              <div class="method">
                <div class="method-content">
                  <a name="testAddToWishlist">
                  </a> <!-- testAddToWishlist -->
                  <span class="method-name">testAddToWishlist</span>
                </div> <!-- method-content -->
              </div> <!-- method -->
              <div class="method">
                <div class="method-content">
                  <a name="testRemoveFromWishlist">
                  </a> <!-- testRemoveFromWishlist -->
                  <span class="method-name">testRemoveFromWishlist</span>
                </div> <!-- method-content -->
              </div> <!-- method -->
            </div> <!-- main-panel-content rounded-window-bottom -->
          </div> <!-- suite-Default_suite-class-passed -->
          <div class="suite-Default_suite-class-passed">
            <div class="main-panel-header rounded-window-top">
              <img src="passed.png"/>
              <span class="class-name">tests.ProductSearchTests</span>
            </div> <!-- main-panel-header rounded-window-top -->
            <div class="main-panel-content rounded-window-bottom">
              <div class="method">
                <div class="method-content">
                  <a name="AddToCartIsPresernt">
                  </a> <!-- AddToCartIsPresernt -->
                  <span class="method-name">AddToCartIsPresernt</span>
                </div> <!-- method-content -->
              </div> <!-- method -->
              <div class="method">
                <div class="method-content">
                  <a name="VerifyAllCategory">
                  </a> <!-- VerifyAllCategory -->
                  <span class="method-name">VerifyAllCategory</span>
                </div> <!-- method-content -->
              </div> <!-- method -->
              <div class="method">
                <div class="method-content">
                  <a name="printUIProductData">
                  </a> <!-- printUIProductData -->
                  <span class="method-name">printUIProductData</span>
                </div> <!-- method-content -->
              </div> <!-- method -->
              <div class="method">
                <div class="method-content">
                  <a name="productSeacrch">
                  </a> <!-- productSeacrch -->
                  <span class="method-name">productSeacrch</span>
                </div> <!-- method-content -->
              </div> <!-- method -->
              <div class="method">
                <div class="method-content">
                  <a name="verifyAllSubcategories">
                  </a> <!-- verifyAllSubcategories -->
                  <span class="method-name">verifyAllSubcategories</span>
                </div> <!-- method-content -->
              </div> <!-- method -->
              <div class="method">
                <div class="method-content">
                  <a name="verifyProductCount">
                  </a> <!-- verifyProductCount -->
                  <span class="method-name">verifyProductCount</span>
                </div> <!-- method-content -->
              </div> <!-- method -->
            </div> <!-- main-panel-content rounded-window-bottom -->
          </div> <!-- suite-Default_suite-class-passed -->
          <div class="suite-Default_suite-class-passed">
            <div class="main-panel-header rounded-window-top">
              <img src="passed.png"/>
              <span class="class-name">tests.PaymentTests</span>
            </div> <!-- main-panel-header rounded-window-top -->
            <div class="main-panel-content rounded-window-bottom">
              <div class="method">
                <div class="method-content">
                  <a name="testPaymentWithInvalidCard">
                  </a> <!-- testPaymentWithInvalidCard -->
                  <span class="method-name">testPaymentWithInvalidCard</span>
                </div> <!-- method-content -->
              </div> <!-- method -->
              <div class="method">
                <div class="method-content">
                  <a name="testPaymentWithValidCard">
                  </a> <!-- testPaymentWithValidCard -->
                  <span class="method-name">testPaymentWithValidCard</span>
                </div> <!-- method-content -->
              </div> <!-- method -->
            </div> <!-- main-panel-content rounded-window-bottom -->
          </div> <!-- suite-Default_suite-class-passed -->
          <div class="suite-Default_suite-class-passed">
            <div class="main-panel-header rounded-window-top">
              <img src="passed.png"/>
              <span class="class-name">tests.SignUPTest</span>
            </div> <!-- main-panel-header rounded-window-top -->
            <div class="main-panel-content rounded-window-bottom">
              <div class="method">
                <div class="method-content">
                  <a name="signUpWithValidDetails">
                  </a> <!-- signUpWithValidDetails -->
                  <span class="method-name">signUpWithValidDetails</span>
                </div> <!-- method-content -->
              </div> <!-- method -->
              <div class="method">
                <div class="method-content">
                  <a name="testSignUpWithEmptyAddress">
                  </a> <!-- testSignUpWithEmptyAddress -->
                  <span class="method-name">testSignUpWithEmptyAddress</span>
                </div> <!-- method-content -->
              </div> <!-- method -->
              <div class="method">
                <div class="method-content">
                  <a name="testSignUpWithEmptyFirstName">
                  </a> <!-- testSignUpWithEmptyFirstName -->
                  <span class="method-name">testSignUpWithEmptyFirstName</span>
                </div> <!-- method-content -->
              </div> <!-- method -->
              <div class="method">
                <div class="method-content">
                  <a name="testSignUpWithEmptyLastName">
                  </a> <!-- testSignUpWithEmptyLastName -->
                  <span class="method-name">testSignUpWithEmptyLastName</span>
                </div> <!-- method-content -->
              </div> <!-- method -->
              <div class="method">
                <div class="method-content">
                  <a name="testSignUpWithEmptyMobileNumber">
                  </a> <!-- testSignUpWithEmptyMobileNumber -->
                  <span class="method-name">testSignUpWithEmptyMobileNumber</span>
                </div> <!-- method-content -->
              </div> <!-- method -->
              <div class="method">
                <div class="method-content">
                  <a name="testSignUpWithEmptyPassword">
                  </a> <!-- testSignUpWithEmptyPassword -->
                  <span class="method-name">testSignUpWithEmptyPassword</span>
                </div> <!-- method-content -->
              </div> <!-- method -->
              <div class="method">
                <div class="method-content">
                  <a name="testSignUpWithEmptyState">
                  </a> <!-- testSignUpWithEmptyState -->
                  <span class="method-name">testSignUpWithEmptyState</span>
                </div> <!-- method-content -->
              </div> <!-- method -->
              <div class="method">
                <div class="method-content">
                  <a name="testSignUpWithEmptyZipCode">
                  </a> <!-- testSignUpWithEmptyZipCode -->
                  <span class="method-name">testSignUpWithEmptyZipCode</span>
                </div> <!-- method-content -->
              </div> <!-- method -->
            </div> <!-- main-panel-content rounded-window-bottom -->
          </div> <!-- suite-Default_suite-class-passed -->
          <div class="suite-Default_suite-class-passed">
            <div class="main-panel-header rounded-window-top">
              <img src="passed.png"/>
              <span class="class-name">tests.ProfileTests</span>
            </div> <!-- main-panel-header rounded-window-top -->
            <div class="main-panel-content rounded-window-bottom">
              <div class="method">
                <div class="method-content">
                  <a name="testChangePassword">
                  </a> <!-- testChangePassword -->
                  <span class="method-name">testChangePassword</span>
                </div> <!-- method-content -->
              </div> <!-- method -->
              <div class="method">
                <div class="method-content">
                  <a name="testUpdateProfileInfo">
                  </a> <!-- testUpdateProfileInfo -->
                  <span class="method-name">testUpdateProfileInfo</span>
                </div> <!-- method-content -->
              </div> <!-- method -->
            </div> <!-- main-panel-content rounded-window-bottom -->
          </div> <!-- suite-Default_suite-class-passed -->
          <div class="suite-Default_suite-class-passed">
            <div class="main-panel-header rounded-window-top">
              <img src="passed.png"/>
              <span class="class-name">tests.CheckoutTests</span>
            </div> <!-- main-panel-header rounded-window-top -->
            <div class="main-panel-content rounded-window-bottom">
              <div class="method">
                <div class="method-content">
                  <a name="testProceedToCheckoutWithCOD">
                  </a> <!-- testProceedToCheckoutWithCOD -->
                  <span class="method-name">testProceedToCheckoutWithCOD</span>
                </div> <!-- method-content -->
              </div> <!-- method -->
              <div class="method">
                <div class="method-content">
                  <a name="testProceedToCheckoutWithCard">
                  </a> <!-- testProceedToCheckoutWithCard -->
                  <span class="method-name">testProceedToCheckoutWithCard</span>
                </div> <!-- method-content -->
              </div> <!-- method -->
            </div> <!-- main-panel-content rounded-window-bottom -->
          </div> <!-- suite-Default_suite-class-passed -->
          <div class="suite-Default_suite-class-passed">
            <div class="main-panel-header rounded-window-top">
              <img src="passed.png"/>
              <span class="class-name">tests.CartTests</span>
            </div> <!-- main-panel-header rounded-window-top -->
            <div class="main-panel-content rounded-window-bottom">
              <div class="method">
                <div class="method-content">
                  <a name="testAddProductToCart">
                  </a> <!-- testAddProductToCart -->
                  <span class="method-name">testAddProductToCart</span>
                </div> <!-- method-content -->
              </div> <!-- method -->
              <div class="method">
                <div class="method-content">
                  <a name="testRemoveProductFromCart">
                  </a> <!-- testRemoveProductFromCart -->
                  <span class="method-name">testRemoveProductFromCart</span>
                </div> <!-- method-content -->
              </div> <!-- method -->
              <div class="method">
                <div class="method-content">
                  <a name="testUpdateCartQuantity">
                  </a> <!-- testUpdateCartQuantity -->
                  <span class="method-name">testUpdateCartQuantity</span>
                </div> <!-- method-content -->
              </div> <!-- method -->
            </div> <!-- main-panel-content rounded-window-bottom -->
          </div> <!-- suite-Default_suite-class-passed -->
          <div class="suite-Default_suite-class-passed">
            <div class="main-panel-header rounded-window-top">
              <img src="passed.png"/>
              <span class="class-name">tests.OrderHistoryTests</span>
            </div> <!-- main-panel-header rounded-window-top -->
            <div class="main-panel-content rounded-window-bottom">
              <div class="method">
                <div class="method-content">
                  <a name="testReorderProduct">
                  </a> <!-- testReorderProduct -->
                  <span class="method-name">testReorderProduct</span>
                </div> <!-- method-content -->
              </div> <!-- method -->
              <div class="method">
                <div class="method-content">
                  <a name="testViewOrderHistory">
                  </a> <!-- testViewOrderHistory -->
                  <span class="method-name">testViewOrderHistory</span>
                </div> <!-- method-content -->
              </div> <!-- method -->
            </div> <!-- main-panel-content rounded-window-bottom -->
          </div> <!-- suite-Default_suite-class-passed -->
          <div class="suite-Default_suite-class-passed">
            <div class="main-panel-header rounded-window-top">
              <img src="passed.png"/>
              <span class="class-name">tests.LoginTests</span>
            </div> <!-- main-panel-header rounded-window-top -->
            <div class="main-panel-content rounded-window-bottom">
              <div class="method">
                <div class="method-content">
                  <a name="allTheMenuLinksAreDisplayed">
                  </a> <!-- allTheMenuLinksAreDisplayed -->
                  <span class="method-name">allTheMenuLinksAreDisplayed</span>
                  <em>
(Verify the menu links are displayed)                  </em>
                </div> <!-- method-content -->
              </div> <!-- method -->
              <div class="method">
                <div class="method-content">
                  <a name="testLoginWithInvalidPassword(rameshamale26@gmail.com, Test@12)">
                  </a> <!-- testLoginWithInvalidPassword(rameshamale26@gmail.com, Test@12) -->
                  <span class="method-name">testLoginWithInvalidPassword</span>
                  <span class="parameters">(rameshamale26@gmail.com, Test@12)</span>
                  <em>
(Login test with Invalid credentials)                  </em>
                </div> <!-- method-content -->
              </div> <!-- method -->
              <div class="method">
                <div class="method-content">
                  <a name="verifyLogoIsDisplayed">
                  </a> <!-- verifyLogoIsDisplayed -->
                  <span class="method-name">verifyLogoIsDisplayed</span>
                  <em>
(Verify the logo is displayed)                  </em>
                </div> <!-- method-content -->
              </div> <!-- method -->
            </div> <!-- main-panel-content rounded-window-bottom -->
          </div> <!-- suite-Default_suite-class-passed -->
        </div> <!-- panel Default_suite -->
        <div panel-name="test-xml-Default_suite" class="panel">
          <div class="main-panel-header rounded-window-top">
            <span class="header-content">C:\Users\dell\AppData\Local\Temp\testng-eclipse--1268338250\testng-customsuite.xml</span>
          </div> <!-- main-panel-header rounded-window-top -->
          <div class="main-panel-content rounded-window-bottom">
            <pre>
&lt;?xml version=&quot;1.0&quot; encoding=&quot;UTF-8&quot;?&gt;
&lt;!DOCTYPE suite SYSTEM &quot;https://testng.org/testng-1.0.dtd&quot;&gt;
&lt;suite name=&quot;Default suite&quot; guice-stage=&quot;DEVELOPMENT&quot;&gt;
  &lt;test thread-count=&quot;5&quot; name=&quot;Default test&quot; verbose=&quot;2&quot;&gt;
    &lt;classes&gt;
      &lt;class name=&quot;tests.PaymentTests&quot;/&gt;
      &lt;class name=&quot;tests.RegistrationTests&quot;/&gt;
      &lt;class name=&quot;tests.OrderHistoryTests&quot;/&gt;
      &lt;class name=&quot;tests.ProductSearchTests&quot;/&gt;
      &lt;class name=&quot;tests.SignUPTest&quot;/&gt;
      &lt;class name=&quot;tests.e2e&quot;/&gt;
      &lt;class name=&quot;tests.CartTests&quot;/&gt;
      &lt;class name=&quot;tests.CheckoutTests&quot;/&gt;
      &lt;class name=&quot;tests.LoginTests&quot;/&gt;
      &lt;class name=&quot;tests.LogOutTest&quot;/&gt;
      &lt;class name=&quot;tests.HomeTest&quot;/&gt;
      &lt;class name=&quot;tests.WishlistTests&quot;/&gt;
      &lt;class name=&quot;tests.ProfileTests&quot;/&gt;
    &lt;/classes&gt;
  &lt;/test&gt; &lt;!-- Default test --&gt;
&lt;/suite&gt; &lt;!-- Default suite --&gt;
            </pre>
          </div> <!-- main-panel-content rounded-window-bottom -->
        </div> <!-- panel -->
        <div panel-name="testlist-Default_suite" class="panel">
          <div class="main-panel-header rounded-window-top">
            <span class="header-content">Tests for Default suite</span>
          </div> <!-- main-panel-header rounded-window-top -->
          <div class="main-panel-content rounded-window-bottom">
            <ul>
              <li>
                <span class="test-name">Default test (13 classes)</span>
              </li>
            </ul>
          </div> <!-- main-panel-content rounded-window-bottom -->
        </div> <!-- panel -->
        <div panel-name="group-Default_suite" class="panel">
          <div class="main-panel-header rounded-window-top">
            <span class="header-content">Groups for Default suite</span>
          </div> <!-- main-panel-header rounded-window-top -->
          <div class="main-panel-content rounded-window-bottom">
            <div class="test-group">
              <span class="test-group-name">Login</span>
              <br/>
              <div class="method-in-group">
                <span class="method-in-group-name">allTheMenuLinksAreDisplayed</span>
                <br/>
              </div> <!-- method-in-group -->
              <div class="method-in-group">
                <span class="method-in-group-name">testLoginWithInvalidPassword</span>
                <br/>
              </div> <!-- method-in-group -->
              <div class="method-in-group">
                <span class="method-in-group-name">testLoginWithValidCredentials</span>
                <br/>
              </div> <!-- method-in-group -->
            </div> <!-- test-group -->
            <div class="test-group">
              <span class="test-group-name">cart</span>
              <br/>
              <div class="method-in-group">
                <span class="method-in-group-name">testAddProductToCart</span>
                <br/>
              </div> <!-- method-in-group -->
              <div class="method-in-group">
                <span class="method-in-group-name">testRemoveProductFromCart</span>
                <br/>
              </div> <!-- method-in-group -->
              <div class="method-in-group">
                <span class="method-in-group-name">testUpdateCartQuantity</span>
                <br/>
              </div> <!-- method-in-group -->
            </div> <!-- test-group -->
            <div class="test-group">
              <span class="test-group-name">checkout</span>
              <br/>
              <div class="method-in-group">
                <span class="method-in-group-name">testProceedToCheckoutWithCOD</span>
                <br/>
              </div> <!-- method-in-group -->
              <div class="method-in-group">
                <span class="method-in-group-name">testProceedToCheckoutWithCard</span>
                <br/>
              </div> <!-- method-in-group -->
            </div> <!-- test-group -->
            <div class="test-group">
              <span class="test-group-name">order</span>
              <br/>
              <div class="method-in-group">
                <span class="method-in-group-name">testReorderProduct</span>
                <br/>
              </div> <!-- method-in-group -->
              <div class="method-in-group">
                <span class="method-in-group-name">testViewOrderHistory</span>
                <br/>
              </div> <!-- method-in-group -->
            </div> <!-- test-group -->
            <div class="test-group">
              <span class="test-group-name">payment</span>
              <br/>
              <div class="method-in-group">
                <span class="method-in-group-name">testPaymentWithInvalidCard</span>
                <br/>
              </div> <!-- method-in-group -->
              <div class="method-in-group">
                <span class="method-in-group-name">testPaymentWithValidCard</span>
                <br/>
              </div> <!-- method-in-group -->
            </div> <!-- test-group -->
            <div class="test-group">
              <span class="test-group-name">profile</span>
              <br/>
              <div class="method-in-group">
                <span class="method-in-group-name">testChangePassword</span>
                <br/>
              </div> <!-- method-in-group -->
              <div class="method-in-group">
                <span class="method-in-group-name">testUpdateProfileInfo</span>
                <br/>
              </div> <!-- method-in-group -->
            </div> <!-- test-group -->
            <div class="test-group">
              <span class="test-group-name">wishlist</span>
              <br/>
              <div class="method-in-group">
                <span class="method-in-group-name">testAddToWishlist</span>
                <br/>
              </div> <!-- method-in-group -->
              <div class="method-in-group">
                <span class="method-in-group-name">testRemoveFromWishlist</span>
                <br/>
              </div> <!-- method-in-group -->
            </div> <!-- test-group -->
          </div> <!-- main-panel-content rounded-window-bottom -->
        </div> <!-- panel -->
        <div panel-name="times-Default_suite" class="panel">
          <div class="main-panel-header rounded-window-top">
            <span class="header-content">Times for Default suite</span>
          </div> <!-- main-panel-header rounded-window-top -->
          <div class="main-panel-content rounded-window-bottom">
            <div class="times-div">
              <script type="text/javascript">
suiteTableInitFunctions.push('tableData_Default_suite');
function tableData_Default_suite() {
var data = new google.visualization.DataTable();
data.addColumn('number', 'Number');
data.addColumn('string', 'Method');
data.addColumn('string', 'Class');
data.addColumn('number', 'Time (ms)');
data.addRows(43);
data.setCell(0, 0, 0)
data.setCell(0, 1, 'verifyInvoiceDownload')
data.setCell(0, 2, 'tests.e2e')
data.setCell(0, 3, 16598);
data.setCell(1, 0, 1)
data.setCell(1, 1, 'signUpWithValidDetails')
data.setCell(1, 2, 'tests.SignUPTest')
data.setCell(1, 3, 9335);
data.setCell(2, 0, 2)
data.setCell(2, 1, 'productSeacrch')
data.setCell(2, 2, 'tests.ProductSearchTests')
data.setCell(2, 3, 4493);
data.setCell(3, 0, 3)
data.setCell(3, 1, 'testRemoveProductFromCart')
data.setCell(3, 2, 'tests.CartTests')
data.setCell(3, 3, 4299);
data.setCell(4, 0, 4)
data.setCell(4, 1, 'testSignUpWithEmptyFirstName')
data.setCell(4, 2, 'tests.SignUPTest')
data.setCell(4, 3, 3169);
data.setCell(5, 0, 5)
data.setCell(5, 1, 'testSignUpWithEmptyMobileNumber')
data.setCell(5, 2, 'tests.SignUPTest')
data.setCell(5, 3, 3064);
data.setCell(6, 0, 6)
data.setCell(6, 1, 'testRegistrationWithExistingEmail')
data.setCell(6, 2, 'tests.RegistrationTests')
data.setCell(6, 3, 2781);
data.setCell(7, 0, 7)
data.setCell(7, 1, 'testSignUpWithEmptyPassword')
data.setCell(7, 2, 'tests.SignUPTest')
data.setCell(7, 3, 2750);
data.setCell(8, 0, 8)
data.setCell(8, 1, 'testSignUpWithEmptyZipCode')
data.setCell(8, 2, 'tests.SignUPTest')
data.setCell(8, 3, 2717);
data.setCell(9, 0, 9)
data.setCell(9, 1, 'testSignUpWithEmptyAddress')
data.setCell(9, 2, 'tests.SignUPTest')
data.setCell(9, 3, 2713);
data.setCell(10, 0, 10)
data.setCell(10, 1, 'testSignUpWithEmptyState')
data.setCell(10, 2, 'tests.SignUPTest')
data.setCell(10, 3, 2559);
data.setCell(11, 0, 11)
data.setCell(11, 1, 'testSignUpWithEmptyLastName')
data.setCell(11, 2, 'tests.SignUPTest')
data.setCell(11, 3, 2344);
data.setCell(12, 0, 12)
data.setCell(12, 1, 'testLoginWithValidCredentials')
data.setCell(12, 2, 'tests.LoginTests')
data.setCell(12, 3, 2046);
data.setCell(13, 0, 13)
data.setCell(13, 1, 'testRegistrationWithValidDetails')
data.setCell(13, 2, 'tests.RegistrationTests')
data.setCell(13, 3, 1919);
data.setCell(14, 0, 14)
data.setCell(14, 1, 'testSignUpWithEmptyName')
data.setCell(14, 2, 'tests.RegistrationTests')
data.setCell(14, 3, 1889);
data.setCell(15, 0, 15)
data.setCell(15, 1, 'printUIProductData')
data.setCell(15, 2, 'tests.ProductSearchTests')
data.setCell(15, 3, 1875);
data.setCell(16, 0, 16)
data.setCell(16, 1, 'LogOut')
data.setCell(16, 2, 'tests.HomeTest')
data.setCell(16, 3, 1844);
data.setCell(17, 0, 17)
data.setCell(17, 1, 'testLoginWithInvalidPassword')
data.setCell(17, 2, 'tests.LoginTests')
data.setCell(17, 3, 1777);
data.setCell(18, 0, 18)
data.setCell(18, 1, 'verifyAllSubcategories')
data.setCell(18, 2, 'tests.ProductSearchTests')
data.setCell(18, 3, 1498);
data.setCell(19, 0, 19)
data.setCell(19, 1, 'allTheMenuLinksAreDisplayed')
data.setCell(19, 2, 'tests.LoginTests')
data.setCell(19, 3, 983);
data.setCell(20, 0, 20)
data.setCell(20, 1, 'verifyLogoIsDisplayed')
data.setCell(20, 2, 'tests.LoginTests')
data.setCell(20, 3, 746);
data.setCell(21, 0, 21)
data.setCell(21, 1, 'AddToCartIsPresernt')
data.setCell(21, 2, 'tests.ProductSearchTests')
data.setCell(21, 3, 544);
data.setCell(22, 0, 22)
data.setCell(22, 1, 'VerifyAllCategory')
data.setCell(22, 2, 'tests.ProductSearchTests')
data.setCell(22, 3, 88);
data.setCell(23, 0, 23)
data.setCell(23, 1, 'AddPerticularProductInCart')
data.setCell(23, 2, 'tests.ProductSearchTests')
data.setCell(23, 3, 55);
data.setCell(24, 0, 24)
data.setCell(24, 1, 'verifyBrandsName')
data.setCell(24, 2, 'tests.HomeTest')
data.setCell(24, 3, 34);
data.setCell(25, 0, 25)
data.setCell(25, 1, 'verifyBrandsHeadingIsPresent')
data.setCell(25, 2, 'tests.HomeTest')
data.setCell(25, 3, 20);
data.setCell(26, 0, 26)
data.setCell(26, 1, 'verifyCategoryName')
data.setCell(26, 2, 'tests.HomeTest')
data.setCell(26, 3, 19);
data.setCell(27, 0, 27)
data.setCell(27, 1, 'verifyProductCount')
data.setCell(27, 2, 'tests.ProductSearchTests')
data.setCell(27, 3, 18);
data.setCell(28, 0, 28)
data.setCell(28, 1, 'addProductToCart')
data.setCell(28, 2, 'tests.HomeTest')
data.setCell(28, 3, 18);
data.setCell(29, 0, 29)
data.setCell(29, 1, 'verifyCategoryHeadingIsPresent')
data.setCell(29, 2, 'tests.HomeTest')
data.setCell(29, 3, 16);
data.setCell(30, 0, 30)
data.setCell(30, 1, 'testPaymentWithInvalidCard')
data.setCell(30, 2, 'tests.PaymentTests')
data.setCell(30, 3, 15);
data.setCell(31, 0, 31)
data.setCell(31, 1, 'verifyThreeSliderArePresent')
data.setCell(31, 2, 'tests.HomeTest')
data.setCell(31, 3, 15);
data.setCell(32, 0, 32)
data.setCell(32, 1, 'testPaymentWithValidCard')
data.setCell(32, 2, 'tests.PaymentTests')
data.setCell(32, 3, 3);
data.setCell(33, 0, 33)
data.setCell(33, 1, 'testReorderProduct')
data.setCell(33, 2, 'tests.OrderHistoryTests')
data.setCell(33, 3, 2);
data.setCell(34, 0, 34)
data.setCell(34, 1, 'testViewOrderHistory')
data.setCell(34, 2, 'tests.OrderHistoryTests')
data.setCell(34, 3, 2);
data.setCell(35, 0, 35)
data.setCell(35, 1, 'testAddProductToCart')
data.setCell(35, 2, 'tests.CartTests')
data.setCell(35, 3, 1);
data.setCell(36, 0, 36)
data.setCell(36, 1, 'testProceedToCheckoutWithCOD')
data.setCell(36, 2, 'tests.CheckoutTests')
data.setCell(36, 3, 1);
data.setCell(37, 0, 37)
data.setCell(37, 1, 'testChangePassword')
data.setCell(37, 2, 'tests.ProfileTests')
data.setCell(37, 3, 1);
data.setCell(38, 0, 38)
data.setCell(38, 1, 'testUpdateProfileInfo')
data.setCell(38, 2, 'tests.ProfileTests')
data.setCell(38, 3, 1);
data.setCell(39, 0, 39)
data.setCell(39, 1, 'testAddToWishlist')
data.setCell(39, 2, 'tests.WishlistTests')
data.setCell(39, 3, 1);
data.setCell(40, 0, 40)
data.setCell(40, 1, 'testProceedToCheckoutWithCard')
data.setCell(40, 2, 'tests.CheckoutTests')
data.setCell(40, 3, 0);
data.setCell(41, 0, 41)
data.setCell(41, 1, 'testUpdateCartQuantity')
data.setCell(41, 2, 'tests.CartTests')
data.setCell(41, 3, 0);
data.setCell(42, 0, 42)
data.setCell(42, 1, 'testRemoveFromWishlist')
data.setCell(42, 2, 'tests.WishlistTests')
data.setCell(42, 3, 0);
window.suiteTableData['Default_suite']= { tableData: data, tableDiv: 'times-div-Default_suite'}
return data;
}
              </script>
              <span class="suite-total-time">Total running time: 1 minutes</span>
              <div id="times-div-Default_suite">
              </div> <!-- times-div-Default_suite -->
            </div> <!-- times-div -->
          </div> <!-- main-panel-content rounded-window-bottom -->
        </div> <!-- panel -->
        <div panel-name="reporter-Default_suite" class="panel">
          <div class="main-panel-header rounded-window-top">
            <span class="header-content">Reporter output for Default suite</span>
          </div> <!-- main-panel-header rounded-window-top -->
          <div class="main-panel-content rounded-window-bottom">
          </div> <!-- main-panel-content rounded-window-bottom -->
        </div> <!-- panel -->
        <div panel-name="ignored-methods-Default_suite" class="panel">
          <div class="main-panel-header rounded-window-top">
            <span class="header-content">24 ignored methods</span>
          </div> <!-- main-panel-header rounded-window-top -->
          <div class="main-panel-content rounded-window-bottom">
            <div class="ignored-class-div">
              <span class="ignored-class-name">tests.RegistrationTests</span>
              <div class="ignored-methods-div">
                <span class="ignored-method-name">tearDownExtentReport</span>
                <br/>
                <span class="ignored-method-name">setupExtentReport</span>
                <br/>
              </div> <!-- ignored-methods-div -->
            </div> <!-- ignored-class-div -->
            <div class="ignored-class-div">
              <span class="ignored-class-name">tests.e2e</span>
              <div class="ignored-methods-div">
                <span class="ignored-method-name">tearDownExtentReport</span>
                <br/>
                <span class="ignored-method-name">setupExtentReport</span>
                <br/>
              </div> <!-- ignored-methods-div -->
            </div> <!-- ignored-class-div -->
            <div class="ignored-class-div">
              <span class="ignored-class-name">tests.HomeTest</span>
              <div class="ignored-methods-div">
                <span class="ignored-method-name">tearDownExtentReport</span>
                <br/>
                <span class="ignored-method-name">setupExtentReport</span>
                <br/>
              </div> <!-- ignored-methods-div -->
            </div> <!-- ignored-class-div -->
            <div class="ignored-class-div">
              <span class="ignored-class-name">tests.LogOutTest</span>
              <div class="ignored-methods-div">
                <span class="ignored-method-name">tearDownExtentReport</span>
                <br/>
                <span class="ignored-method-name">setupExtentReport</span>
                <br/>
              </div> <!-- ignored-methods-div -->
            </div> <!-- ignored-class-div -->
            <div class="ignored-class-div">
              <span class="ignored-class-name">tests.WishlistTests</span>
              <div class="ignored-methods-div">
                <span class="ignored-method-name">tearDownExtentReport</span>
                <br/>
                <span class="ignored-method-name">setupExtentReport</span>
                <br/>
              </div> <!-- ignored-methods-div -->
            </div> <!-- ignored-class-div -->
            <div class="ignored-class-div">
              <span class="ignored-class-name">tests.SignUPTest</span>
              <div class="ignored-methods-div">
                <span class="ignored-method-name">tearDownExtentReport</span>
                <br/>
                <span class="ignored-method-name">setupExtentReport</span>
                <br/>
              </div> <!-- ignored-methods-div -->
            </div> <!-- ignored-class-div -->
            <div class="ignored-class-div">
              <span class="ignored-class-name">tests.ProductSearchTests</span>
              <div class="ignored-methods-div">
                <span class="ignored-method-name">tearDownExtentReport</span>
                <br/>
                <span class="ignored-method-name">setupExtentReport</span>
                <br/>
              </div> <!-- ignored-methods-div -->
            </div> <!-- ignored-class-div -->
            <div class="ignored-class-div">
              <span class="ignored-class-name">tests.ProfileTests</span>
              <div class="ignored-methods-div">
                <span class="ignored-method-name">tearDownExtentReport</span>
                <br/>
                <span class="ignored-method-name">setupExtentReport</span>
                <br/>
              </div> <!-- ignored-methods-div -->
            </div> <!-- ignored-class-div -->
            <div class="ignored-class-div">
              <span class="ignored-class-name">tests.CheckoutTests</span>
              <div class="ignored-methods-div">
                <span class="ignored-method-name">tearDownExtentReport</span>
                <br/>
                <span class="ignored-method-name">setupExtentReport</span>
                <br/>
              </div> <!-- ignored-methods-div -->
            </div> <!-- ignored-class-div -->
            <div class="ignored-class-div">
              <span class="ignored-class-name">tests.CartTests</span>
              <div class="ignored-methods-div">
                <span class="ignored-method-name">tearDownExtentReport</span>
                <br/>
                <span class="ignored-method-name">setupExtentReport</span>
                <br/>
              </div> <!-- ignored-methods-div -->
            </div> <!-- ignored-class-div -->
            <div class="ignored-class-div">
              <span class="ignored-class-name">tests.OrderHistoryTests</span>
              <div class="ignored-methods-div">
                <span class="ignored-method-name">tearDownExtentReport</span>
                <br/>
                <span class="ignored-method-name">setupExtentReport</span>
                <br/>
              </div> <!-- ignored-methods-div -->
            </div> <!-- ignored-class-div -->
            <div class="ignored-class-div">
              <span class="ignored-class-name">tests.LoginTests</span>
              <div class="ignored-methods-div">
                <span class="ignored-method-name">tearDownExtentReport</span>
                <br/>
                <span class="ignored-method-name">setupExtentReport</span>
                <br/>
              </div> <!-- ignored-methods-div -->
            </div> <!-- ignored-class-div -->
          </div> <!-- main-panel-content rounded-window-bottom -->
        </div> <!-- panel -->
        <div panel-name="chronological-Default_suite" class="panel">
          <div class="main-panel-header rounded-window-top">
            <span class="header-content">Methods in chronological order</span>
          </div> <!-- main-panel-header rounded-window-top -->
          <div class="main-panel-content rounded-window-bottom">
            <div class="chronological-class">
              <div class="chronological-class-name">tests.PaymentTests</div> <!-- chronological-class-name -->
              <div class="configuration-suite before">
                <span class="method-name">setupExtentReport</span>
                <span class="method-start">0 ms</span>
              </div> <!-- configuration-suite before -->
              <div class="configuration-class before">
                <span class="method-name">setUp</span>
                <span class="method-start">356 ms</span>
              </div> <!-- configuration-class before -->
              <div class="test-method">
                <span class="method-name">testPaymentWithInvalidCard</span>
                <span class="method-start">5832 ms</span>
              </div> <!-- test-method -->
              <div class="test-method">
                <span class="method-name">testPaymentWithValidCard</span>
                <span class="method-start">5851 ms</span>
              </div> <!-- test-method -->
              <div class="configuration-class after">
                <span class="method-name">tearDown</span>
                <span class="method-start">5856 ms</span>
              </div> <!-- configuration-class after -->
            </div> <!-- chronological-class -->
            <div class="chronological-class">
              <div class="chronological-class-name">tests.RegistrationTests</div> <!-- chronological-class-name -->
              <div class="configuration-class before">
                <span class="method-name">setUp</span>
                <span class="method-start">6056 ms</span>
              </div> <!-- configuration-class before -->
              <div class="test-method">
                <span class="method-name">testRegistrationWithExistingEmail</span>
                <span class="method-start">13172 ms</span>
              </div> <!-- test-method -->
              <div class="test-method">
                <span class="method-name">testRegistrationWithValidDetails</span>
                <span class="method-start">15955 ms</span>
              </div> <!-- test-method -->
              <div class="test-method">
                <span class="method-name">testSignUpWithEmptyName</span>
                <span class="method-start">17878 ms</span>
              </div> <!-- test-method -->
              <div class="configuration-class after">
                <span class="method-name">tearDown</span>
                <span class="method-start">19768 ms</span>
              </div> <!-- configuration-class after -->
            </div> <!-- chronological-class -->
            <div class="chronological-class">
              <div class="chronological-class-name">tests.OrderHistoryTests</div> <!-- chronological-class-name -->
              <div class="configuration-class before">
                <span class="method-name">setUp</span>
                <span class="method-start">20006 ms</span>
              </div> <!-- configuration-class before -->
              <div class="test-method">
                <span class="method-name">testReorderProduct</span>
                <span class="method-start">24361 ms</span>
              </div> <!-- test-method -->
              <div class="test-method">
                <span class="method-name">testViewOrderHistory</span>
                <span class="method-start">24364 ms</span>
              </div> <!-- test-method -->
              <div class="configuration-class after">
                <span class="method-name">tearDown</span>
                <span class="method-start">24366 ms</span>
              </div> <!-- configuration-class after -->
            </div> <!-- chronological-class -->
            <div class="chronological-class">
              <div class="chronological-class-name">tests.ProductSearchTests</div> <!-- chronological-class-name -->
              <div class="configuration-class before">
                <span class="method-name">setUp</span>
                <span class="method-start">24609 ms</span>
              </div> <!-- configuration-class before -->
              <div class="test-method">
                <img src="failed.png">
                </img>
                <span class="method-name">AddPerticularProductInCart</span>
                <span class="method-start">30593 ms</span>
              </div> <!-- test-method -->
              <div class="test-method">
                <span class="method-name">AddToCartIsPresernt</span>
                <span class="method-start">30651 ms</span>
              </div> <!-- test-method -->
              <div class="test-method">
                <span class="method-name">VerifyAllCategory</span>
                <span class="method-start">31197 ms</span>
              </div> <!-- test-method -->
              <div class="test-method">
                <span class="method-name">printUIProductData</span>
                <span class="method-start">31286 ms</span>
              </div> <!-- test-method -->
              <div class="test-method">
                <span class="method-name">productSeacrch</span>
                <span class="method-start">33164 ms</span>
              </div> <!-- test-method -->
              <div class="test-method">
                <span class="method-name">verifyAllSubcategories</span>
                <span class="method-start">37658 ms</span>
              </div> <!-- test-method -->
              <div class="test-method">
                <span class="method-name">verifyProductCount</span>
                <span class="method-start">39158 ms</span>
              </div> <!-- test-method -->
              <div class="configuration-class after">
                <span class="method-name">tearDown</span>
                <span class="method-start">39177 ms</span>
              </div> <!-- configuration-class after -->
            </div> <!-- chronological-class -->
            <div class="chronological-class">
              <div class="chronological-class-name">tests.SignUPTest</div> <!-- chronological-class-name -->
              <div class="configuration-class before">
                <span class="method-name">setUp</span>
                <span class="method-start">39458 ms</span>
              </div> <!-- configuration-class before -->
              <div class="configuration-method before">
                <span class="method-name">testRegistrationWithValidDetails</span>
                <span class="method-start">47004 ms</span>
              </div> <!-- configuration-method before -->
              <div class="test-method">
                <span class="method-name">signUpWithValidDetails</span>
                <span class="method-start">48860 ms</span>
              </div> <!-- test-method -->
              <div class="configuration-method before">
                <span class="method-name">testRegistrationWithValidDetails</span>
                <span class="method-start">58197 ms</span>
              </div> <!-- configuration-method before -->
              <div class="test-method">
                <span class="method-name">testSignUpWithEmptyAddress</span>
                <span class="method-start">59959 ms</span>
              </div> <!-- test-method -->
              <div class="configuration-method before">
                <span class="method-name">testRegistrationWithValidDetails</span>
                <span class="method-start">62675 ms</span>
              </div> <!-- configuration-method before -->
              <div class="test-method">
                <span class="method-name">testSignUpWithEmptyFirstName</span>
                <span class="method-start">64426 ms</span>
              </div> <!-- test-method -->
              <div class="configuration-method before">
                <span class="method-name">testRegistrationWithValidDetails</span>
                <span class="method-start">67598 ms</span>
              </div> <!-- configuration-method before -->
              <div class="test-method">
                <span class="method-name">testSignUpWithEmptyLastName</span>
                <span class="method-start">69677 ms</span>
              </div> <!-- test-method -->
              <div class="configuration-method before">
                <span class="method-name">testRegistrationWithValidDetails</span>
                <span class="method-start">72022 ms</span>
              </div> <!-- configuration-method before -->
              <div class="test-method">
                <span class="method-name">testSignUpWithEmptyMobileNumber</span>
                <span class="method-start">73806 ms</span>
              </div> <!-- test-method -->
              <div class="configuration-method before">
                <span class="method-name">testRegistrationWithValidDetails</span>
                <span class="method-start">76871 ms</span>
              </div> <!-- configuration-method before -->
              <div class="test-method">
                <span class="method-name">testSignUpWithEmptyPassword</span>
                <span class="method-start">78813 ms</span>
              </div> <!-- test-method -->
              <div class="configuration-method before">
                <span class="method-name">testRegistrationWithValidDetails</span>
                <span class="method-start">81564 ms</span>
              </div> <!-- configuration-method before -->
              <div class="test-method">
                <span class="method-name">testSignUpWithEmptyState</span>
                <span class="method-start">83450 ms</span>
              </div> <!-- test-method -->
              <div class="configuration-method before">
                <span class="method-name">testRegistrationWithValidDetails</span>
                <span class="method-start">86010 ms</span>
              </div> <!-- configuration-method before -->
              <div class="test-method">
                <span class="method-name">testSignUpWithEmptyZipCode</span>
                <span class="method-start">87849 ms</span>
              </div> <!-- test-method -->
              <div class="configuration-class after">
                <span class="method-name">tearDown</span>
                <span class="method-start">90568 ms</span>
              </div> <!-- configuration-class after -->
            </div> <!-- chronological-class -->
            <div class="chronological-class">
              <div class="chronological-class-name">tests.e2e</div> <!-- chronological-class-name -->
              <div class="configuration-class before">
                <span class="method-name">setUp</span>
                <span class="method-start">90915 ms</span>
              </div> <!-- configuration-class before -->
              <div class="test-method">
                <span class="method-name">verifyInvoiceDownload</span>
                <span class="method-start">97123 ms</span>
              </div> <!-- test-method -->
              <div class="configuration-class after">
                <span class="method-name">tearDown</span>
                <span class="method-start">113722 ms</span>
              </div> <!-- configuration-class after -->
            </div> <!-- chronological-class -->
            <div class="chronological-class">
              <div class="chronological-class-name">tests.CartTests</div> <!-- chronological-class-name -->
              <div class="configuration-class before">
                <span class="method-name">setUp</span>
                <span class="method-start">114264 ms</span>
              </div> <!-- configuration-class before -->
              <div class="test-method">
                <span class="method-name">testAddProductToCart</span>
                <span class="method-start">121189 ms</span>
              </div> <!-- test-method -->
              <div class="test-method">
                <span class="method-name">testRemoveProductFromCart</span>
                <span class="method-start">121191 ms</span>
              </div> <!-- test-method -->
              <div class="test-method">
                <span class="method-name">testUpdateCartQuantity</span>
                <span class="method-start">125491 ms</span>
              </div> <!-- test-method -->
              <div class="configuration-class after">
                <span class="method-name">tearDown</span>
                <span class="method-start">125491 ms</span>
              </div> <!-- configuration-class after -->
            </div> <!-- chronological-class -->
            <div class="chronological-class">
              <div class="chronological-class-name">tests.CheckoutTests</div> <!-- chronological-class-name -->
              <div class="configuration-class before">
                <span class="method-name">setUp</span>
                <span class="method-start">125738 ms</span>
              </div> <!-- configuration-class before -->
              <div class="test-method">
                <span class="method-name">testProceedToCheckoutWithCOD</span>
                <span class="method-start">131178 ms</span>
              </div> <!-- test-method -->
              <div class="test-method">
                <span class="method-name">testProceedToCheckoutWithCard</span>
                <span class="method-start">131180 ms</span>
              </div> <!-- test-method -->
              <div class="configuration-class after">
                <span class="method-name">tearDown</span>
                <span class="method-start">131181 ms</span>
              </div> <!-- configuration-class after -->
            </div> <!-- chronological-class -->
            <div class="chronological-class">
              <div class="chronological-class-name">tests.LoginTests</div> <!-- chronological-class-name -->
              <div class="configuration-class before">
                <span class="method-name">setUp</span>
                <span class="method-start">131448 ms</span>
              </div> <!-- configuration-class before -->
              <div class="test-method">
                <span class="method-name">allTheMenuLinksAreDisplayed</span>
                <span class="method-start">136615 ms</span>
              </div> <!-- test-method -->
              <div class="test-method">
                <span class="method-name">testLoginWithInvalidPassword(rameshamale26@gmail.com, Test@12)</span>
                <span class="method-start">138296 ms</span>
              </div> <!-- test-method -->
              <div class="test-method">
                <span class="method-name">verifyLogoIsDisplayed</span>
                <span class="method-start">140074 ms</span>
              </div> <!-- test-method -->
              <div class="test-method">
                <img src="failed.png">
                </img>
                <span class="method-name">testLoginWithValidCredentials(rameshamale26@gmail.com, Test@123)</span>
                <span class="method-start">140860 ms</span>
              </div> <!-- test-method -->
              <div class="configuration-class after">
                <span class="method-name">tearDown</span>
                <span class="method-start">142907 ms</span>
              </div> <!-- configuration-class after -->
            </div> <!-- chronological-class -->
            <div class="chronological-class">
              <div class="chronological-class-name">tests.HomeTest</div> <!-- chronological-class-name -->
              <div class="configuration-class before">
                <span class="method-name">setUp</span>
                <span class="method-start">143135 ms</span>
              </div> <!-- configuration-class before -->
              <div class="test-method">
                <img src="failed.png">
                </img>
                <span class="method-name">LogOut</span>
                <span class="method-start">148341 ms</span>
              </div> <!-- test-method -->
              <div class="test-method">
                <span class="method-name">addProductToCart</span>
                <span class="method-start">150186 ms</span>
              </div> <!-- test-method -->
              <div class="test-method">
                <img src="failed.png">
                </img>
                <span class="method-name">verifyBrandsHeadingIsPresent</span>
                <span class="method-start">150205 ms</span>
              </div> <!-- test-method -->
              <div class="test-method">
                <span class="method-name">verifyBrandsName</span>
                <span class="method-start">150227 ms</span>
              </div> <!-- test-method -->
              <div class="test-method">
                <img src="failed.png">
                </img>
                <span class="method-name">verifyCategoryHeadingIsPresent</span>
                <span class="method-start">150262 ms</span>
              </div> <!-- test-method -->
              <div class="test-method">
                <span class="method-name">verifyCategoryName</span>
                <span class="method-start">150280 ms</span>
              </div> <!-- test-method -->
              <div class="test-method">
                <span class="method-name">verifyThreeSliderArePresent</span>
                <span class="method-start">150300 ms</span>
              </div> <!-- test-method -->
              <div class="configuration-class after">
                <span class="method-name">tearDown</span>
                <span class="method-start">150316 ms</span>
              </div> <!-- configuration-class after -->
            </div> <!-- chronological-class -->
            <div class="chronological-class">
              <div class="chronological-class-name">tests.WishlistTests</div> <!-- chronological-class-name -->
              <div class="configuration-class before">
                <span class="method-name">setUp</span>
                <span class="method-start">150519 ms</span>
              </div> <!-- configuration-class before -->
              <div class="test-method">
                <span class="method-name">testAddToWishlist</span>
                <span class="method-start">155805 ms</span>
              </div> <!-- test-method -->
              <div class="test-method">
                <span class="method-name">testRemoveFromWishlist</span>
                <span class="method-start">155807 ms</span>
              </div> <!-- test-method -->
              <div class="configuration-class after">
                <span class="method-name">tearDown</span>
                <span class="method-start">155808 ms</span>
              </div> <!-- configuration-class after -->
            </div> <!-- chronological-class -->
            <div class="chronological-class">
              <div class="chronological-class-name">tests.ProfileTests</div> <!-- chronological-class-name -->
              <div class="configuration-class before">
                <span class="method-name">setUp</span>
                <span class="method-start">156030 ms</span>
              </div> <!-- configuration-class before -->
              <div class="test-method">
                <span class="method-name">testChangePassword</span>
                <span class="method-start">160304 ms</span>
              </div> <!-- test-method -->
              <div class="test-method">
                <span class="method-name">testUpdateProfileInfo</span>
                <span class="method-start">160308 ms</span>
              </div> <!-- test-method -->
              <div class="configuration-class after">
                <span class="method-name">tearDown</span>
                <span class="method-start">160310 ms</span>
              </div> <!-- configuration-class after -->
            </div> <!-- chronological-class -->
            <div class="chronological-class">
              <div class="chronological-class-name">tests.PaymentTests</div> <!-- chronological-class-name -->
              <div class="configuration-suite after">
                <span class="method-name">tearDownExtentReport</span>
                <span class="method-start">160918 ms</span>
              </div> <!-- configuration-suite after -->
          </div> <!-- main-panel-content rounded-window-bottom -->
        </div> <!-- panel -->
      </div> <!-- main-panel-root -->
    </div> <!-- wrapper -->
  </body>
<script type="text/javascript" src="testng-reports2.js"></script>
</html>
