<?xml version="1.0" encoding="UTF-8"?>
<testng-results ignored="24" total="67" passed="38" failed="5" skipped="0">
  <reporter-output>
  </reporter-output>
  <suite started-at="2025-06-07T16:09:53 IST" name="Default suite" finished-at="2025-06-07T16:12:33 IST" duration-ms="160209">
    <groups>
      <group name="wishlist">
        <method signature="WishlistTests.testAddToWishlist()[pri:0, instance:tests.WishlistTests@bd3eff4]" name="testAddToWishlist" class="tests.WishlistTests"/>
        <method signature="WishlistTests.testRemoveFromWishlist()[pri:0, instance:tests.WishlistTests@bd3eff4]" name="testRemoveFromWishlist" class="tests.WishlistTests"/>
      </group> <!-- wishlist -->
      <group name="profile">
        <method signature="ProfileTests.testChangePassword()[pri:0, instance:tests.ProfileTests@6010d0d1]" name="testChangePassword" class="tests.ProfileTests"/>
        <method signature="ProfileTests.testUpdateProfileInfo()[pri:0, instance:tests.ProfileTests@6010d0d1]" name="testUpdateProfileInfo" class="tests.ProfileTests"/>
      </group> <!-- profile -->
      <group name="payment">
        <method signature="PaymentTests.testPaymentWithInvalidCard()[pri:0, instance:tests.PaymentTests@738dc9b]" name="testPaymentWithInvalidCard" class="tests.PaymentTests"/>
        <method signature="PaymentTests.testPaymentWithValidCard()[pri:0, instance:tests.PaymentTests@738dc9b]" name="testPaymentWithValidCard" class="tests.PaymentTests"/>
      </group> <!-- payment -->
      <group name="Login">
        <method signature="LoginTests.allTheMenuLinksAreDisplayed()[pri:0, instance:tests.LoginTests@39da5e49]" name="allTheMenuLinksAreDisplayed" class="tests.LoginTests"/>
        <method signature="LoginTests.testLoginWithInvalidPassword(java.lang.String,java.lang.String)[pri:0, instance:tests.LoginTests@39da5e49]" name="testLoginWithInvalidPassword" class="tests.LoginTests"/>
        <method signature="LoginTests.testLoginWithValidCredentials(java.lang.String,java.lang.String)[pri:1, instance:tests.LoginTests@39da5e49]" name="testLoginWithValidCredentials" class="tests.LoginTests"/>
      </group> <!-- Login -->
      <group name="checkout">
        <method signature="CheckoutTests.testProceedToCheckoutWithCOD()[pri:0, instance:tests.CheckoutTests@4d4436d0]" name="testProceedToCheckoutWithCOD" class="tests.CheckoutTests"/>
        <method signature="CheckoutTests.testProceedToCheckoutWithCard()[pri:0, instance:tests.CheckoutTests@4d4436d0]" name="testProceedToCheckoutWithCard" class="tests.CheckoutTests"/>
      </group> <!-- checkout -->
      <group name="cart">
        <method signature="CartTests.testAddProductToCart()[pri:0, instance:tests.CartTests@71664560]" name="testAddProductToCart" class="tests.CartTests"/>
        <method signature="CartTests.testRemoveProductFromCart()[pri:0, instance:tests.CartTests@71664560]" name="testRemoveProductFromCart" class="tests.CartTests"/>
        <method signature="CartTests.testUpdateCartQuantity()[pri:0, instance:tests.CartTests@71664560]" name="testUpdateCartQuantity" class="tests.CartTests"/>
      </group> <!-- cart -->
      <group name="order">
        <method signature="OrderHistoryTests.testReorderProduct()[pri:0, instance:tests.OrderHistoryTests@2ddc9a9f]" name="testReorderProduct" class="tests.OrderHistoryTests"/>
        <method signature="OrderHistoryTests.testViewOrderHistory()[pri:0, instance:tests.OrderHistoryTests@2ddc9a9f]" name="testViewOrderHistory" class="tests.OrderHistoryTests"/>
      </group> <!-- order -->
    </groups>
    <test started-at="2025-06-07T16:09:53 IST" name="Default test" finished-at="2025-06-07T16:12:33 IST" duration-ms="160209">
      <class name="tests.PaymentTests">
        <test-method is-config="true" signature="setupExtentReport()[pri:0, instance:tests.PaymentTests@738dc9b]" started-at="2025-06-07T16:09:52 IST" name="setupExtentReport" finished-at="2025-06-07T16:09:53 IST" duration-ms="333" status="PASS">
          <reporter-output>
          </reporter-output>
        </test-method> <!-- setupExtentReport -->
        <test-method is-config="true" signature="setUp()[pri:0, instance:tests.PaymentTests@738dc9b]" started-at="2025-06-07T16:09:53 IST" name="setUp" finished-at="2025-06-07T16:09:58 IST" duration-ms="5468" status="PASS">
          <reporter-output>
          </reporter-output>
        </test-method> <!-- setUp -->
        <test-method signature="testPaymentWithInvalidCard()[pri:0, instance:tests.PaymentTests@738dc9b]" started-at="2025-06-07T16:09:58 IST" name="testPaymentWithInvalidCard" finished-at="2025-06-07T16:09:58 IST" duration-ms="15" status="PASS">
          <reporter-output>
          </reporter-output>
        </test-method> <!-- testPaymentWithInvalidCard -->
        <test-method signature="testPaymentWithValidCard()[pri:0, instance:tests.PaymentTests@738dc9b]" started-at="2025-06-07T16:09:58 IST" name="testPaymentWithValidCard" finished-at="2025-06-07T16:09:58 IST" duration-ms="3" status="PASS">
          <reporter-output>
          </reporter-output>
        </test-method> <!-- testPaymentWithValidCard -->
        <test-method is-config="true" signature="tearDown()[pri:0, instance:tests.PaymentTests@738dc9b]" started-at="2025-06-07T16:09:58 IST" name="tearDown" finished-at="2025-06-07T16:09:58 IST" duration-ms="199" status="PASS">
          <reporter-output>
          </reporter-output>
        </test-method> <!-- tearDown -->
        <test-method is-config="true" signature="tearDownExtentReport()[pri:0, instance:tests.PaymentTests@738dc9b]" started-at="2025-06-07T16:12:33 IST" name="tearDownExtentReport" finished-at="2025-06-07T16:12:33 IST" duration-ms="32" status="PASS">
          <reporter-output>
          </reporter-output>
        </test-method> <!-- tearDownExtentReport -->
      </class> <!-- tests.PaymentTests -->
      <class name="tests.LoginTests">
        <test-method is-config="true" signature="setUp()[pri:0, instance:tests.LoginTests@39da5e49]" started-at="2025-06-07T16:12:04 IST" name="setUp" finished-at="2025-06-07T16:12:09 IST" duration-ms="5166" status="PASS">
          <reporter-output>
          </reporter-output>
        </test-method> <!-- setUp -->
        <test-method signature="allTheMenuLinksAreDisplayed()[pri:0, instance:tests.LoginTests@39da5e49]" started-at="2025-06-07T16:12:09 IST" name="allTheMenuLinksAreDisplayed" description="Verify the menu links are displayed" finished-at="2025-06-07T16:12:10 IST" duration-ms="983" status="PASS">
          <reporter-output>
          </reporter-output>
        </test-method> <!-- allTheMenuLinksAreDisplayed -->
        <test-method signature="testLoginWithInvalidPassword(java.lang.String,java.lang.String)[pri:0, instance:tests.LoginTests@39da5e49]" started-at="2025-06-07T16:12:11 IST" name="testLoginWithInvalidPassword" description="Login test with Invalid credentials" data-provider="InValidLogin" finished-at="2025-06-07T16:12:12 IST" duration-ms="1777" status="PASS">
          <params>
            <param index="0">
              <value>
                <![CDATA[rameshamale26@gmail.com]]>
              </value>
            </param>
            <param index="1">
              <value>
                <![CDATA[Test@12]]>
              </value>
            </param>
          </params>
          <reporter-output>
          </reporter-output>
        </test-method> <!-- testLoginWithInvalidPassword -->
        <test-method signature="verifyLogoIsDisplayed()[pri:0, instance:tests.LoginTests@39da5e49]" started-at="2025-06-07T16:12:12 IST" name="verifyLogoIsDisplayed" description="Verify the logo is displayed" finished-at="2025-06-07T16:12:13 IST" duration-ms="746" status="PASS">
          <reporter-output>
          </reporter-output>
        </test-method> <!-- verifyLogoIsDisplayed -->
        <test-method signature="testLoginWithValidCredentials(java.lang.String,java.lang.String)[pri:1, instance:tests.LoginTests@39da5e49]" started-at="2025-06-07T16:12:13 IST" name="testLoginWithValidCredentials" description="Login with valid details" data-provider="ValidLogin" finished-at="2025-06-07T16:12:15 IST" duration-ms="2046" status="FAIL">
          <params>
            <param index="0">
              <value>
                <![CDATA[rameshamale26@gmail.com]]>
              </value>
            </param>
            <param index="1">
              <value>
                <![CDATA[Test@123]]>
              </value>
            </param>
          </params>
          <exception class="org.openqa.selenium.NoSuchElementException">
            <message>
              <![CDATA[no such element: Unable to locate element: {"method":"xpath","selector":"//a[contains(text(),'Logged in as')]/b"}
  (Session info: chrome=137.0.7151.69)
For documentation on this error, please visit: https://www.selenium.dev/documentation/webdriver/troubleshooting/errors#no-such-element-exception
Build info: version: '4.19.1', revision: 'abe0ee07dc'
System info: os.name: 'Windows 11', os.arch: 'amd64', os.version: '10.0', java.version: '17.0.10'
Driver info: org.openqa.selenium.chrome.ChromeDriver
Command: [e3141782b455029a57a7a13e1777164a, findElement {value=//a[contains(text(),'Logged in as')]/b, using=xpath}]
Capabilities {acceptInsecureCerts: false, browserName: chrome, browserVersion: 137.0.7151.69, chrome: {chromedriverVersion: 137.0.7151.68 (2989ffee9373..., userDataDir: C:\Users\dell\AppData\Local...}, fedcm:accounts: true, goog:chromeOptions: {debuggerAddress: localhost:61552}, networkConnectionEnabled: false, pageLoadStrategy: normal, platformName: windows, proxy: Proxy(), se:cdp: ws://localhost:61552/devtoo..., se:cdpVersion: 137.0.7151.69, setWindowRect: true, strictFileInteractability: false, timeouts: {implicit: 0, pageLoad: 300000, script: 30000}, unhandledPromptBehavior: dismiss and notify, webauthn:extension:credBlob: true, webauthn:extension:largeBlob: true, webauthn:extension:minPinLength: true, webauthn:extension:prf: true, webauthn:virtualAuthenticators: true}
Session ID: e3141782b455029a57a7a13e1777164a]]>
            </message>
            <full-stacktrace>
              <![CDATA[org.openqa.selenium.NoSuchElementException: no such element: Unable to locate element: {"method":"xpath","selector":"//a[contains(text(),'Logged in as')]/b"}
  (Session info: chrome=137.0.7151.69)
For documentation on this error, please visit: https://www.selenium.dev/documentation/webdriver/troubleshooting/errors#no-such-element-exception
Build info: version: '4.19.1', revision: 'abe0ee07dc'
System info: os.name: 'Windows 11', os.arch: 'amd64', os.version: '10.0', java.version: '17.0.10'
Driver info: org.openqa.selenium.chrome.ChromeDriver
Command: [e3141782b455029a57a7a13e1777164a, findElement {value=//a[contains(text(),'Logged in as')]/b, using=xpath}]
Capabilities {acceptInsecureCerts: false, browserName: chrome, browserVersion: 137.0.7151.69, chrome: {chromedriverVersion: 137.0.7151.68 (2989ffee9373..., userDataDir: C:\Users\dell\AppData\Local...}, fedcm:accounts: true, goog:chromeOptions: {debuggerAddress: localhost:61552}, networkConnectionEnabled: false, pageLoadStrategy: normal, platformName: windows, proxy: Proxy(), se:cdp: ws://localhost:61552/devtoo..., se:cdpVersion: 137.0.7151.69, setWindowRect: true, strictFileInteractability: false, timeouts: {implicit: 0, pageLoad: 300000, script: 30000}, unhandledPromptBehavior: dismiss and notify, webauthn:extension:credBlob: true, webauthn:extension:largeBlob: true, webauthn:extension:minPinLength: true, webauthn:extension:prf: true, webauthn:virtualAuthenticators: true}
Session ID: e3141782b455029a57a7a13e1777164a
at java.base/jdk.internal.reflect.NativeConstructorAccessorImpl.newInstance0(Native Method)
at java.base/jdk.internal.reflect.NativeConstructorAccessorImpl.newInstance(NativeConstructorAccessorImpl.java:77)
at java.base/jdk.internal.reflect.DelegatingConstructorAccessorImpl.newInstance(DelegatingConstructorAccessorImpl.java:45)
at java.base/java.lang.reflect.Constructor.newInstanceWithCaller(Constructor.java:499)
at java.base/java.lang.reflect.Constructor.newInstance(Constructor.java:480)
at org.openqa.selenium.remote.ErrorCodec.decode(ErrorCodec.java:167)
at org.openqa.selenium.remote.codec.w3c.W3CHttpResponseCodec.decode(W3CHttpResponseCodec.java:138)
at org.openqa.selenium.remote.codec.w3c.W3CHttpResponseCodec.decode(W3CHttpResponseCodec.java:50)
at org.openqa.selenium.remote.HttpCommandExecutor.execute(HttpCommandExecutor.java:190)
at org.openqa.selenium.remote.service.DriverCommandExecutor.invokeExecute(DriverCommandExecutor.java:216)
at org.openqa.selenium.remote.service.DriverCommandExecutor.execute(DriverCommandExecutor.java:174)
at org.openqa.selenium.remote.RemoteWebDriver.execute(RemoteWebDriver.java:518)
at org.openqa.selenium.remote.ElementLocation$ElementFinder$2.findElement(ElementLocation.java:165)
at org.openqa.selenium.remote.ElementLocation.findElement(ElementLocation.java:59)
at org.openqa.selenium.remote.RemoteWebDriver.findElement(RemoteWebDriver.java:355)
at org.openqa.selenium.remote.RemoteWebDriver.findElement(RemoteWebDriver.java:349)
at org.openqa.selenium.support.pagefactory.DefaultElementLocator.findElement(DefaultElementLocator.java:68)
at org.openqa.selenium.support.pagefactory.internal.LocatingElementHandler.invoke(LocatingElementHandler.java:38)
at jdk.proxy2/jdk.proxy2.$Proxy19.getText(Unknown Source)
at pages.HomePage.verifyTheLoginPerson(HomePage.java:80)
at tests.LoginTests.testLoginWithValidCredentials(LoginTests.java:33)
at java.base/jdk.internal.reflect.NativeMethodAccessorImpl.invoke0(Native Method)
at java.base/jdk.internal.reflect.NativeMethodAccessorImpl.invoke(NativeMethodAccessorImpl.java:77)
at java.base/jdk.internal.reflect.DelegatingMethodAccessorImpl.invoke(DelegatingMethodAccessorImpl.java:43)
at java.base/java.lang.reflect.Method.invoke(Method.java:568)
at org.testng.internal.MethodInvocationHelper.invokeMethod(MethodInvocationHelper.java:133)
at org.testng.internal.TestInvoker.invokeMethod(TestInvoker.java:598)
at org.testng.internal.TestInvoker.invokeTestMethod(TestInvoker.java:173)
at org.testng.internal.MethodRunner.runInSequence(MethodRunner.java:46)
at org.testng.internal.TestInvoker$MethodInvocationAgent.invoke(TestInvoker.java:824)
at org.testng.internal.TestInvoker.invokeTestMethods(TestInvoker.java:146)
at org.testng.internal.TestMethodWorker.invokeTestMethods(TestMethodWorker.java:146)
at org.testng.internal.TestMethodWorker.run(TestMethodWorker.java:128)
at java.base/java.util.ArrayList.forEach(ArrayList.java:1511)
at org.testng.TestRunner.privateRun(TestRunner.java:794)
at org.testng.TestRunner.run(TestRunner.java:596)
at org.testng.SuiteRunner.runTest(SuiteRunner.java:377)
at org.testng.SuiteRunner.runSequentially(SuiteRunner.java:371)
at org.testng.SuiteRunner.privateRun(SuiteRunner.java:332)
at org.testng.SuiteRunner.run(SuiteRunner.java:276)
at org.testng.SuiteRunnerWorker.runSuite(SuiteRunnerWorker.java:53)
at org.testng.SuiteRunnerWorker.run(SuiteRunnerWorker.java:96)
at org.testng.TestNG.runSuitesSequentially(TestNG.java:1212)
at org.testng.TestNG.runSuitesLocally(TestNG.java:1134)
at org.testng.TestNG.runSuites(TestNG.java:1063)
at org.testng.TestNG.run(TestNG.java:1031)
at org.testng.remote.AbstractRemoteTestNG.run(AbstractRemoteTestNG.java:115)
at org.testng.remote.RemoteTestNG.initAndRun(RemoteTestNG.java:251)
at org.testng.remote.RemoteTestNG.main(RemoteTestNG.java:77)
]]>
            </full-stacktrace>
          </exception> <!-- org.openqa.selenium.NoSuchElementException -->
          <reporter-output>
          </reporter-output>
        </test-method> <!-- testLoginWithValidCredentials -->
        <test-method is-config="true" signature="tearDown()[pri:0, instance:tests.LoginTests@39da5e49]" started-at="2025-06-07T16:12:15 IST" name="tearDown" finished-at="2025-06-07T16:12:15 IST" duration-ms="228" status="PASS">
          <reporter-output>
          </reporter-output>
        </test-method> <!-- tearDown -->
      </class> <!-- tests.LoginTests -->
      <class name="tests.RegistrationTests">
        <test-method is-config="true" signature="setUp()[pri:0, instance:tests.RegistrationTests@2e385cce]" started-at="2025-06-07T16:09:58 IST" name="setUp" finished-at="2025-06-07T16:10:05 IST" duration-ms="7116" status="PASS">
          <reporter-output>
          </reporter-output>
        </test-method> <!-- setUp -->
        <test-method signature="testRegistrationWithExistingEmail()[pri:0, instance:tests.RegistrationTests@2e385cce]" started-at="2025-06-07T16:10:05 IST" name="testRegistrationWithExistingEmail" finished-at="2025-06-07T16:10:08 IST" duration-ms="2781" status="PASS">
          <reporter-output>
          </reporter-output>
        </test-method> <!-- testRegistrationWithExistingEmail -->
        <test-method signature="testRegistrationWithValidDetails()[pri:0, instance:tests.RegistrationTests@2e385cce]" started-at="2025-06-07T16:10:08 IST" name="testRegistrationWithValidDetails" finished-at="2025-06-07T16:10:10 IST" duration-ms="1919" status="PASS">
          <reporter-output>
          </reporter-output>
        </test-method> <!-- testRegistrationWithValidDetails -->
        <test-method signature="testSignUpWithEmptyName()[pri:0, instance:tests.RegistrationTests@2e385cce]" started-at="2025-06-07T16:10:10 IST" name="testSignUpWithEmptyName" finished-at="2025-06-07T16:10:12 IST" duration-ms="1889" status="PASS">
          <reporter-output>
          </reporter-output>
        </test-method> <!-- testSignUpWithEmptyName -->
        <test-method is-config="true" signature="tearDown()[pri:0, instance:tests.RegistrationTests@2e385cce]" started-at="2025-06-07T16:10:12 IST" name="tearDown" finished-at="2025-06-07T16:10:12 IST" duration-ms="237" status="PASS">
          <reporter-output>
          </reporter-output>
        </test-method> <!-- tearDown -->
      </class> <!-- tests.RegistrationTests -->
      <class name="tests.ProductSearchTests">
        <test-method is-config="true" signature="setUp()[pri:0, instance:tests.ProductSearchTests@46cdf8bd]" started-at="2025-06-07T16:10:17 IST" name="setUp" finished-at="2025-06-07T16:10:23 IST" duration-ms="5984" status="PASS">
          <reporter-output>
          </reporter-output>
        </test-method> <!-- setUp -->
        <test-method signature="AddPerticularProductInCart()[pri:0, instance:tests.ProductSearchTests@46cdf8bd]" started-at="2025-06-07T16:10:23 IST" name="AddPerticularProductInCart" finished-at="2025-06-07T16:10:23 IST" duration-ms="55" status="FAIL">
          <exception class="org.openqa.selenium.NoSuchElementException">
            <message>
              <![CDATA[no such element: Unable to locate element: {"method":"css selector","selector":"div.modal-body a[href='/login']"}
  (Session info: chrome=137.0.7151.69)
For documentation on this error, please visit: https://www.selenium.dev/documentation/webdriver/troubleshooting/errors#no-such-element-exception
Build info: version: '4.19.1', revision: 'abe0ee07dc'
System info: os.name: 'Windows 11', os.arch: 'amd64', os.version: '10.0', java.version: '17.0.10'
Driver info: org.openqa.selenium.chrome.ChromeDriver
Command: [ad772a15a1579cedac287243d5f2ee9f, findElement {value=div.modal-body a[href='/login'], using=css selector}]
Capabilities {acceptInsecureCerts: false, browserName: chrome, browserVersion: 137.0.7151.69, chrome: {chromedriverVersion: 137.0.7151.68 (2989ffee9373..., userDataDir: C:\Users\dell\AppData\Local...}, fedcm:accounts: true, goog:chromeOptions: {debuggerAddress: localhost:61342}, networkConnectionEnabled: false, pageLoadStrategy: normal, platformName: windows, proxy: Proxy(), se:cdp: ws://localhost:61342/devtoo..., se:cdpVersion: 137.0.7151.69, setWindowRect: true, strictFileInteractability: false, timeouts: {implicit: 0, pageLoad: 300000, script: 30000}, unhandledPromptBehavior: dismiss and notify, webauthn:extension:credBlob: true, webauthn:extension:largeBlob: true, webauthn:extension:minPinLength: true, webauthn:extension:prf: true, webauthn:virtualAuthenticators: true}
Session ID: ad772a15a1579cedac287243d5f2ee9f]]>
            </message>
            <full-stacktrace>
              <![CDATA[org.openqa.selenium.NoSuchElementException: no such element: Unable to locate element: {"method":"css selector","selector":"div.modal-body a[href='/login']"}
  (Session info: chrome=137.0.7151.69)
For documentation on this error, please visit: https://www.selenium.dev/documentation/webdriver/troubleshooting/errors#no-such-element-exception
Build info: version: '4.19.1', revision: 'abe0ee07dc'
System info: os.name: 'Windows 11', os.arch: 'amd64', os.version: '10.0', java.version: '17.0.10'
Driver info: org.openqa.selenium.chrome.ChromeDriver
Command: [ad772a15a1579cedac287243d5f2ee9f, findElement {value=div.modal-body a[href='/login'], using=css selector}]
Capabilities {acceptInsecureCerts: false, browserName: chrome, browserVersion: 137.0.7151.69, chrome: {chromedriverVersion: 137.0.7151.68 (2989ffee9373..., userDataDir: C:\Users\dell\AppData\Local...}, fedcm:accounts: true, goog:chromeOptions: {debuggerAddress: localhost:61342}, networkConnectionEnabled: false, pageLoadStrategy: normal, platformName: windows, proxy: Proxy(), se:cdp: ws://localhost:61342/devtoo..., se:cdpVersion: 137.0.7151.69, setWindowRect: true, strictFileInteractability: false, timeouts: {implicit: 0, pageLoad: 300000, script: 30000}, unhandledPromptBehavior: dismiss and notify, webauthn:extension:credBlob: true, webauthn:extension:largeBlob: true, webauthn:extension:minPinLength: true, webauthn:extension:prf: true, webauthn:virtualAuthenticators: true}
Session ID: ad772a15a1579cedac287243d5f2ee9f
at java.base/jdk.internal.reflect.NativeConstructorAccessorImpl.newInstance0(Native Method)
at java.base/jdk.internal.reflect.NativeConstructorAccessorImpl.newInstance(NativeConstructorAccessorImpl.java:77)
at java.base/jdk.internal.reflect.DelegatingConstructorAccessorImpl.newInstance(DelegatingConstructorAccessorImpl.java:45)
at java.base/java.lang.reflect.Constructor.newInstanceWithCaller(Constructor.java:499)
at java.base/java.lang.reflect.Constructor.newInstance(Constructor.java:480)
at org.openqa.selenium.remote.ErrorCodec.decode(ErrorCodec.java:167)
at org.openqa.selenium.remote.codec.w3c.W3CHttpResponseCodec.decode(W3CHttpResponseCodec.java:138)
at org.openqa.selenium.remote.codec.w3c.W3CHttpResponseCodec.decode(W3CHttpResponseCodec.java:50)
at org.openqa.selenium.remote.HttpCommandExecutor.execute(HttpCommandExecutor.java:190)
at org.openqa.selenium.remote.service.DriverCommandExecutor.invokeExecute(DriverCommandExecutor.java:216)
at org.openqa.selenium.remote.service.DriverCommandExecutor.execute(DriverCommandExecutor.java:174)
at org.openqa.selenium.remote.RemoteWebDriver.execute(RemoteWebDriver.java:518)
at org.openqa.selenium.remote.ElementLocation$ElementFinder$2.findElement(ElementLocation.java:165)
at org.openqa.selenium.remote.ElementLocation.findElement(ElementLocation.java:59)
at org.openqa.selenium.remote.RemoteWebDriver.findElement(RemoteWebDriver.java:355)
at org.openqa.selenium.remote.RemoteWebDriver.findElement(RemoteWebDriver.java:349)
at org.openqa.selenium.support.pagefactory.DefaultElementLocator.findElement(DefaultElementLocator.java:68)
at org.openqa.selenium.support.pagefactory.internal.LocatingElementHandler.invoke(LocatingElementHandler.java:38)
at jdk.proxy2/jdk.proxy2.$Proxy19.getWrappedElement(Unknown Source)
at org.openqa.selenium.remote.WebElementToJsonConverter.apply(WebElementToJsonConverter.java:48)
at java.base/java.util.stream.ReferencePipeline$3$1.accept(ReferencePipeline.java:197)
at java.base/java.util.Spliterators$ArraySpliterator.forEachRemaining(Spliterators.java:992)
at java.base/java.util.stream.AbstractPipeline.copyInto(AbstractPipeline.java:509)
at java.base/java.util.stream.AbstractPipeline.wrapAndCopyInto(AbstractPipeline.java:499)
at java.base/java.util.stream.ReduceOps$ReduceOp.evaluateSequential(ReduceOps.java:921)
at java.base/java.util.stream.AbstractPipeline.evaluate(AbstractPipeline.java:234)
at java.base/java.util.stream.ReferencePipeline.collect(ReferencePipeline.java:682)
at org.openqa.selenium.remote.RemoteWebDriver.executeScript(RemoteWebDriver.java:461)
at pages.CartPage.clickOnRegisterLogin(CartPage.java:68)
at tests.ProductSearchTests.AddPerticularProductInCart(ProductSearchTests.java:79)
at java.base/jdk.internal.reflect.NativeMethodAccessorImpl.invoke0(Native Method)
at java.base/jdk.internal.reflect.NativeMethodAccessorImpl.invoke(NativeMethodAccessorImpl.java:77)
at java.base/jdk.internal.reflect.DelegatingMethodAccessorImpl.invoke(DelegatingMethodAccessorImpl.java:43)
at java.base/java.lang.reflect.Method.invoke(Method.java:568)
at org.testng.internal.MethodInvocationHelper.invokeMethod(MethodInvocationHelper.java:133)
at org.testng.internal.TestInvoker.invokeMethod(TestInvoker.java:598)
at org.testng.internal.TestInvoker.invokeTestMethod(TestInvoker.java:173)
at org.testng.internal.MethodRunner.runInSequence(MethodRunner.java:46)
at org.testng.internal.TestInvoker$MethodInvocationAgent.invoke(TestInvoker.java:824)
at org.testng.internal.TestInvoker.invokeTestMethods(TestInvoker.java:146)
at org.testng.internal.TestMethodWorker.invokeTestMethods(TestMethodWorker.java:146)
at org.testng.internal.TestMethodWorker.run(TestMethodWorker.java:128)
at java.base/java.util.ArrayList.forEach(ArrayList.java:1511)
at org.testng.TestRunner.privateRun(TestRunner.java:794)
at org.testng.TestRunner.run(TestRunner.java:596)
at org.testng.SuiteRunner.runTest(SuiteRunner.java:377)
at org.testng.SuiteRunner.runSequentially(SuiteRunner.java:371)
at org.testng.SuiteRunner.privateRun(SuiteRunner.java:332)
at org.testng.SuiteRunner.run(SuiteRunner.java:276)
at org.testng.SuiteRunnerWorker.runSuite(SuiteRunnerWorker.java:53)
at org.testng.SuiteRunnerWorker.run(SuiteRunnerWorker.java:96)
at org.testng.TestNG.runSuitesSequentially(TestNG.java:1212)
at org.testng.TestNG.runSuitesLocally(TestNG.java:1134)
at org.testng.TestNG.runSuites(TestNG.java:1063)
at org.testng.TestNG.run(TestNG.java:1031)
at org.testng.remote.AbstractRemoteTestNG.run(AbstractRemoteTestNG.java:115)
at org.testng.remote.RemoteTestNG.initAndRun(RemoteTestNG.java:251)
at org.testng.remote.RemoteTestNG.main(RemoteTestNG.java:77)
]]>
            </full-stacktrace>
          </exception> <!-- org.openqa.selenium.NoSuchElementException -->
          <reporter-output>
          </reporter-output>
        </test-method> <!-- AddPerticularProductInCart -->
        <test-method signature="AddToCartIsPresernt()[pri:0, instance:tests.ProductSearchTests@46cdf8bd]" started-at="2025-06-07T16:10:23 IST" name="AddToCartIsPresernt" finished-at="2025-06-07T16:10:23 IST" duration-ms="544" status="PASS">
          <reporter-output>
          </reporter-output>
        </test-method> <!-- AddToCartIsPresernt -->
        <test-method signature="VerifyAllCategory()[pri:0, instance:tests.ProductSearchTests@46cdf8bd]" started-at="2025-06-07T16:10:23 IST" name="VerifyAllCategory" finished-at="2025-06-07T16:10:24 IST" duration-ms="88" status="PASS">
          <reporter-output>
          </reporter-output>
        </test-method> <!-- VerifyAllCategory -->
        <test-method signature="printUIProductData()[pri:0, instance:tests.ProductSearchTests@46cdf8bd]" started-at="2025-06-07T16:10:24 IST" name="printUIProductData" finished-at="2025-06-07T16:10:25 IST" duration-ms="1875" status="PASS">
          <reporter-output>
          </reporter-output>
        </test-method> <!-- printUIProductData -->
        <test-method signature="productSeacrch()[pri:0, instance:tests.ProductSearchTests@46cdf8bd]" started-at="2025-06-07T16:10:25 IST" name="productSeacrch" finished-at="2025-06-07T16:10:30 IST" duration-ms="4493" status="PASS">
          <reporter-output>
          </reporter-output>
        </test-method> <!-- productSeacrch -->
        <test-method signature="verifyAllSubcategories()[pri:0, instance:tests.ProductSearchTests@46cdf8bd]" started-at="2025-06-07T16:10:30 IST" name="verifyAllSubcategories" finished-at="2025-06-07T16:10:31 IST" duration-ms="1498" status="PASS">
          <reporter-output>
          </reporter-output>
        </test-method> <!-- verifyAllSubcategories -->
        <test-method signature="verifyProductCount()[pri:0, instance:tests.ProductSearchTests@46cdf8bd]" started-at="2025-06-07T16:10:31 IST" name="verifyProductCount" finished-at="2025-06-07T16:10:31 IST" duration-ms="18" status="PASS">
          <reporter-output>
          </reporter-output>
        </test-method> <!-- verifyProductCount -->
        <test-method is-config="true" signature="tearDown()[pri:0, instance:tests.ProductSearchTests@46cdf8bd]" started-at="2025-06-07T16:10:31 IST" name="tearDown" finished-at="2025-06-07T16:10:32 IST" duration-ms="281" status="PASS">
          <reporter-output>
          </reporter-output>
        </test-method> <!-- tearDown -->
      </class> <!-- tests.ProductSearchTests -->
      <class name="tests.OrderHistoryTests">
        <test-method is-config="true" signature="setUp()[pri:0, instance:tests.OrderHistoryTests@2ddc9a9f]" started-at="2025-06-07T16:10:12 IST" name="setUp" finished-at="2025-06-07T16:10:17 IST" duration-ms="4355" status="PASS">
          <reporter-output>
          </reporter-output>
        </test-method> <!-- setUp -->
        <test-method signature="testReorderProduct()[pri:0, instance:tests.OrderHistoryTests@2ddc9a9f]" started-at="2025-06-07T16:10:17 IST" name="testReorderProduct" finished-at="2025-06-07T16:10:17 IST" duration-ms="2" status="PASS">
          <reporter-output>
          </reporter-output>
        </test-method> <!-- testReorderProduct -->
        <test-method signature="testViewOrderHistory()[pri:0, instance:tests.OrderHistoryTests@2ddc9a9f]" started-at="2025-06-07T16:10:17 IST" name="testViewOrderHistory" finished-at="2025-06-07T16:10:17 IST" duration-ms="2" status="PASS">
          <reporter-output>
          </reporter-output>
        </test-method> <!-- testViewOrderHistory -->
        <test-method is-config="true" signature="tearDown()[pri:0, instance:tests.OrderHistoryTests@2ddc9a9f]" started-at="2025-06-07T16:10:17 IST" name="tearDown" finished-at="2025-06-07T16:10:17 IST" duration-ms="243" status="PASS">
          <reporter-output>
          </reporter-output>
        </test-method> <!-- tearDown -->
      </class> <!-- tests.OrderHistoryTests -->
      <class name="tests.SignUPTest">
        <test-method is-config="true" signature="setUp()[pri:0, instance:tests.SignUPTest@4e375bba]" started-at="2025-06-07T16:10:32 IST" name="setUp" finished-at="2025-06-07T16:10:39 IST" duration-ms="7546" status="PASS">
          <reporter-output>
          </reporter-output>
        </test-method> <!-- setUp -->
        <test-method is-config="true" signature="testRegistrationWithValidDetails()[pri:0, instance:tests.SignUPTest@4e375bba]" started-at="2025-06-07T16:10:39 IST" name="testRegistrationWithValidDetails" finished-at="2025-06-07T16:10:41 IST" duration-ms="1855" status="PASS">
          <reporter-output>
          </reporter-output>
        </test-method> <!-- testRegistrationWithValidDetails -->
        <test-method signature="signUpWithValidDetails()[pri:0, instance:tests.SignUPTest@4e375bba]" started-at="2025-06-07T16:10:41 IST" name="signUpWithValidDetails" finished-at="2025-06-07T16:10:50 IST" duration-ms="9335" status="PASS">
          <reporter-output>
          </reporter-output>
        </test-method> <!-- signUpWithValidDetails -->
        <test-method is-config="true" signature="testRegistrationWithValidDetails()[pri:0, instance:tests.SignUPTest@4e375bba]" started-at="2025-06-07T16:10:50 IST" name="testRegistrationWithValidDetails" finished-at="2025-06-07T16:10:52 IST" duration-ms="1762" status="PASS">
          <reporter-output>
          </reporter-output>
        </test-method> <!-- testRegistrationWithValidDetails -->
        <test-method signature="testSignUpWithEmptyAddress()[pri:0, instance:tests.SignUPTest@4e375bba]" started-at="2025-06-07T16:10:52 IST" name="testSignUpWithEmptyAddress" finished-at="2025-06-07T16:10:55 IST" duration-ms="2713" status="PASS">
          <reporter-output>
          </reporter-output>
        </test-method> <!-- testSignUpWithEmptyAddress -->
        <test-method is-config="true" signature="testRegistrationWithValidDetails()[pri:0, instance:tests.SignUPTest@4e375bba]" started-at="2025-06-07T16:10:55 IST" name="testRegistrationWithValidDetails" finished-at="2025-06-07T16:10:57 IST" duration-ms="1750" status="PASS">
          <reporter-output>
          </reporter-output>
        </test-method> <!-- testRegistrationWithValidDetails -->
        <test-method signature="testSignUpWithEmptyFirstName()[pri:0, instance:tests.SignUPTest@4e375bba]" started-at="2025-06-07T16:10:57 IST" name="testSignUpWithEmptyFirstName" finished-at="2025-06-07T16:11:00 IST" duration-ms="3169" status="PASS">
          <reporter-output>
          </reporter-output>
        </test-method> <!-- testSignUpWithEmptyFirstName -->
        <test-method is-config="true" signature="testRegistrationWithValidDetails()[pri:0, instance:tests.SignUPTest@4e375bba]" started-at="2025-06-07T16:11:00 IST" name="testRegistrationWithValidDetails" finished-at="2025-06-07T16:11:02 IST" duration-ms="2079" status="PASS">
          <reporter-output>
          </reporter-output>
        </test-method> <!-- testRegistrationWithValidDetails -->
        <test-method signature="testSignUpWithEmptyLastName()[pri:0, instance:tests.SignUPTest@4e375bba]" started-at="2025-06-07T16:11:02 IST" name="testSignUpWithEmptyLastName" finished-at="2025-06-07T16:11:04 IST" duration-ms="2344" status="PASS">
          <reporter-output>
          </reporter-output>
        </test-method> <!-- testSignUpWithEmptyLastName -->
        <test-method is-config="true" signature="testRegistrationWithValidDetails()[pri:0, instance:tests.SignUPTest@4e375bba]" started-at="2025-06-07T16:11:04 IST" name="testRegistrationWithValidDetails" finished-at="2025-06-07T16:11:06 IST" duration-ms="1784" status="PASS">
          <reporter-output>
          </reporter-output>
        </test-method> <!-- testRegistrationWithValidDetails -->
        <test-method signature="testSignUpWithEmptyMobileNumber()[pri:0, instance:tests.SignUPTest@4e375bba]" started-at="2025-06-07T16:11:06 IST" name="testSignUpWithEmptyMobileNumber" finished-at="2025-06-07T16:11:09 IST" duration-ms="3064" status="PASS">
          <reporter-output>
          </reporter-output>
        </test-method> <!-- testSignUpWithEmptyMobileNumber -->
        <test-method is-config="true" signature="testRegistrationWithValidDetails()[pri:0, instance:tests.SignUPTest@4e375bba]" started-at="2025-06-07T16:11:09 IST" name="testRegistrationWithValidDetails" finished-at="2025-06-07T16:11:11 IST" duration-ms="1941" status="PASS">
          <reporter-output>
          </reporter-output>
        </test-method> <!-- testRegistrationWithValidDetails -->
        <test-method signature="testSignUpWithEmptyPassword()[pri:0, instance:tests.SignUPTest@4e375bba]" started-at="2025-06-07T16:11:11 IST" name="testSignUpWithEmptyPassword" finished-at="2025-06-07T16:11:14 IST" duration-ms="2750" status="PASS">
          <reporter-output>
          </reporter-output>
        </test-method> <!-- testSignUpWithEmptyPassword -->
        <test-method is-config="true" signature="testRegistrationWithValidDetails()[pri:0, instance:tests.SignUPTest@4e375bba]" started-at="2025-06-07T16:11:14 IST" name="testRegistrationWithValidDetails" finished-at="2025-06-07T16:11:16 IST" duration-ms="1886" status="PASS">
          <reporter-output>
          </reporter-output>
        </test-method> <!-- testRegistrationWithValidDetails -->
        <test-method signature="testSignUpWithEmptyState()[pri:0, instance:tests.SignUPTest@4e375bba]" started-at="2025-06-07T16:11:16 IST" name="testSignUpWithEmptyState" finished-at="2025-06-07T16:11:18 IST" duration-ms="2559" status="PASS">
          <reporter-output>
          </reporter-output>
        </test-method> <!-- testSignUpWithEmptyState -->
        <test-method is-config="true" signature="testRegistrationWithValidDetails()[pri:0, instance:tests.SignUPTest@4e375bba]" started-at="2025-06-07T16:11:18 IST" name="testRegistrationWithValidDetails" finished-at="2025-06-07T16:11:20 IST" duration-ms="1838" status="PASS">
          <reporter-output>
          </reporter-output>
        </test-method> <!-- testRegistrationWithValidDetails -->
        <test-method signature="testSignUpWithEmptyZipCode()[pri:0, instance:tests.SignUPTest@4e375bba]" started-at="2025-06-07T16:11:20 IST" name="testSignUpWithEmptyZipCode" finished-at="2025-06-07T16:11:23 IST" duration-ms="2717" status="PASS">
          <reporter-output>
          </reporter-output>
        </test-method> <!-- testSignUpWithEmptyZipCode -->
        <test-method is-config="true" signature="tearDown()[pri:0, instance:tests.SignUPTest@4e375bba]" started-at="2025-06-07T16:11:23 IST" name="tearDown" finished-at="2025-06-07T16:11:23 IST" duration-ms="347" status="PASS">
          <reporter-output>
          </reporter-output>
        </test-method> <!-- tearDown -->
      </class> <!-- tests.SignUPTest -->
      <class name="tests.HomeTest">
        <test-method is-config="true" signature="setUp()[pri:0, instance:tests.HomeTest@674da77b]" started-at="2025-06-07T16:12:15 IST" name="setUp" finished-at="2025-06-07T16:12:21 IST" duration-ms="5206" status="PASS">
          <reporter-output>
          </reporter-output>
        </test-method> <!-- setUp -->
        <test-method signature="LogOut()[pri:0, instance:tests.HomeTest@674da77b]" started-at="2025-06-07T16:12:21 IST" name="LogOut" finished-at="2025-06-07T16:12:22 IST" duration-ms="1844" status="FAIL">
          <exception class="org.openqa.selenium.NoSuchElementException">
            <message>
              <![CDATA[no such element: Unable to locate element: {"method":"xpath","selector":"//a[text()=' Logout']"}
  (Session info: chrome=137.0.7151.69)
For documentation on this error, please visit: https://www.selenium.dev/documentation/webdriver/troubleshooting/errors#no-such-element-exception
Build info: version: '4.19.1', revision: 'abe0ee07dc'
System info: os.name: 'Windows 11', os.arch: 'amd64', os.version: '10.0', java.version: '17.0.10'
Driver info: org.openqa.selenium.chrome.ChromeDriver
Command: [a13b507f318e6641201dc9f94e891f1f, findElement {value=//a[text()=' Logout'], using=xpath}]
Capabilities {acceptInsecureCerts: false, browserName: chrome, browserVersion: 137.0.7151.69, chrome: {chromedriverVersion: 137.0.7151.68 (2989ffee9373..., userDataDir: C:\Users\dell\AppData\Local...}, fedcm:accounts: true, goog:chromeOptions: {debuggerAddress: localhost:61576}, networkConnectionEnabled: false, pageLoadStrategy: normal, platformName: windows, proxy: Proxy(), se:cdp: ws://localhost:61576/devtoo..., se:cdpVersion: 137.0.7151.69, setWindowRect: true, strictFileInteractability: false, timeouts: {implicit: 0, pageLoad: 300000, script: 30000}, unhandledPromptBehavior: dismiss and notify, webauthn:extension:credBlob: true, webauthn:extension:largeBlob: true, webauthn:extension:minPinLength: true, webauthn:extension:prf: true, webauthn:virtualAuthenticators: true}
Session ID: a13b507f318e6641201dc9f94e891f1f]]>
            </message>
            <full-stacktrace>
              <![CDATA[org.openqa.selenium.NoSuchElementException: no such element: Unable to locate element: {"method":"xpath","selector":"//a[text()=' Logout']"}
  (Session info: chrome=137.0.7151.69)
For documentation on this error, please visit: https://www.selenium.dev/documentation/webdriver/troubleshooting/errors#no-such-element-exception
Build info: version: '4.19.1', revision: 'abe0ee07dc'
System info: os.name: 'Windows 11', os.arch: 'amd64', os.version: '10.0', java.version: '17.0.10'
Driver info: org.openqa.selenium.chrome.ChromeDriver
Command: [a13b507f318e6641201dc9f94e891f1f, findElement {value=//a[text()=' Logout'], using=xpath}]
Capabilities {acceptInsecureCerts: false, browserName: chrome, browserVersion: 137.0.7151.69, chrome: {chromedriverVersion: 137.0.7151.68 (2989ffee9373..., userDataDir: C:\Users\dell\AppData\Local...}, fedcm:accounts: true, goog:chromeOptions: {debuggerAddress: localhost:61576}, networkConnectionEnabled: false, pageLoadStrategy: normal, platformName: windows, proxy: Proxy(), se:cdp: ws://localhost:61576/devtoo..., se:cdpVersion: 137.0.7151.69, setWindowRect: true, strictFileInteractability: false, timeouts: {implicit: 0, pageLoad: 300000, script: 30000}, unhandledPromptBehavior: dismiss and notify, webauthn:extension:credBlob: true, webauthn:extension:largeBlob: true, webauthn:extension:minPinLength: true, webauthn:extension:prf: true, webauthn:virtualAuthenticators: true}
Session ID: a13b507f318e6641201dc9f94e891f1f
at java.base/jdk.internal.reflect.NativeConstructorAccessorImpl.newInstance0(Native Method)
at java.base/jdk.internal.reflect.NativeConstructorAccessorImpl.newInstance(NativeConstructorAccessorImpl.java:77)
at java.base/jdk.internal.reflect.DelegatingConstructorAccessorImpl.newInstance(DelegatingConstructorAccessorImpl.java:45)
at java.base/java.lang.reflect.Constructor.newInstanceWithCaller(Constructor.java:499)
at java.base/java.lang.reflect.Constructor.newInstance(Constructor.java:480)
at org.openqa.selenium.remote.ErrorCodec.decode(ErrorCodec.java:167)
at org.openqa.selenium.remote.codec.w3c.W3CHttpResponseCodec.decode(W3CHttpResponseCodec.java:138)
at org.openqa.selenium.remote.codec.w3c.W3CHttpResponseCodec.decode(W3CHttpResponseCodec.java:50)
at org.openqa.selenium.remote.HttpCommandExecutor.execute(HttpCommandExecutor.java:190)
at org.openqa.selenium.remote.service.DriverCommandExecutor.invokeExecute(DriverCommandExecutor.java:216)
at org.openqa.selenium.remote.service.DriverCommandExecutor.execute(DriverCommandExecutor.java:174)
at org.openqa.selenium.remote.RemoteWebDriver.execute(RemoteWebDriver.java:518)
at org.openqa.selenium.remote.ElementLocation$ElementFinder$2.findElement(ElementLocation.java:165)
at org.openqa.selenium.remote.ElementLocation.findElement(ElementLocation.java:59)
at org.openqa.selenium.remote.RemoteWebDriver.findElement(RemoteWebDriver.java:355)
at org.openqa.selenium.remote.RemoteWebDriver.findElement(RemoteWebDriver.java:349)
at org.openqa.selenium.support.pagefactory.DefaultElementLocator.findElement(DefaultElementLocator.java:68)
at org.openqa.selenium.support.pagefactory.internal.LocatingElementHandler.invoke(LocatingElementHandler.java:38)
at jdk.proxy2/jdk.proxy2.$Proxy19.click(Unknown Source)
at pages.HomePage.clickOnLogout(HomePage.java:76)
at pages.HomePage.LogOut(HomePage.java:120)
at tests.HomeTest.LogOut(HomeTest.java:45)
at java.base/jdk.internal.reflect.NativeMethodAccessorImpl.invoke0(Native Method)
at java.base/jdk.internal.reflect.NativeMethodAccessorImpl.invoke(NativeMethodAccessorImpl.java:77)
at java.base/jdk.internal.reflect.DelegatingMethodAccessorImpl.invoke(DelegatingMethodAccessorImpl.java:43)
at java.base/java.lang.reflect.Method.invoke(Method.java:568)
at org.testng.internal.MethodInvocationHelper.invokeMethod(MethodInvocationHelper.java:133)
at org.testng.internal.TestInvoker.invokeMethod(TestInvoker.java:598)
at org.testng.internal.TestInvoker.invokeTestMethod(TestInvoker.java:173)
at org.testng.internal.MethodRunner.runInSequence(MethodRunner.java:46)
at org.testng.internal.TestInvoker$MethodInvocationAgent.invoke(TestInvoker.java:824)
at org.testng.internal.TestInvoker.invokeTestMethods(TestInvoker.java:146)
at org.testng.internal.TestMethodWorker.invokeTestMethods(TestMethodWorker.java:146)
at org.testng.internal.TestMethodWorker.run(TestMethodWorker.java:128)
at java.base/java.util.ArrayList.forEach(ArrayList.java:1511)
at org.testng.TestRunner.privateRun(TestRunner.java:794)
at org.testng.TestRunner.run(TestRunner.java:596)
at org.testng.SuiteRunner.runTest(SuiteRunner.java:377)
at org.testng.SuiteRunner.runSequentially(SuiteRunner.java:371)
at org.testng.SuiteRunner.privateRun(SuiteRunner.java:332)
at org.testng.SuiteRunner.run(SuiteRunner.java:276)
at org.testng.SuiteRunnerWorker.runSuite(SuiteRunnerWorker.java:53)
at org.testng.SuiteRunnerWorker.run(SuiteRunnerWorker.java:96)
at org.testng.TestNG.runSuitesSequentially(TestNG.java:1212)
at org.testng.TestNG.runSuitesLocally(TestNG.java:1134)
at org.testng.TestNG.runSuites(TestNG.java:1063)
at org.testng.TestNG.run(TestNG.java:1031)
at org.testng.remote.AbstractRemoteTestNG.run(AbstractRemoteTestNG.java:115)
at org.testng.remote.RemoteTestNG.initAndRun(RemoteTestNG.java:251)
at org.testng.remote.RemoteTestNG.main(RemoteTestNG.java:77)
]]>
            </full-stacktrace>
          </exception> <!-- org.openqa.selenium.NoSuchElementException -->
          <reporter-output>
          </reporter-output>
        </test-method> <!-- LogOut -->
        <test-method signature="addProductToCart()[pri:0, instance:tests.HomeTest@674da77b]" started-at="2025-06-07T16:12:22 IST" name="addProductToCart" finished-at="2025-06-07T16:12:22 IST" duration-ms="18" status="PASS">
          <reporter-output>
          </reporter-output>
        </test-method> <!-- addProductToCart -->
        <test-method signature="verifyBrandsHeadingIsPresent()[pri:0, instance:tests.HomeTest@674da77b]" started-at="2025-06-07T16:12:22 IST" name="verifyBrandsHeadingIsPresent" finished-at="2025-06-07T16:12:22 IST" duration-ms="20" status="FAIL">
          <exception class="org.openqa.selenium.NoSuchElementException">
            <message>
              <![CDATA[no such element: Unable to locate element: {"method":"xpath","selector":"//h2[text()='Brands']"}
  (Session info: chrome=137.0.7151.69)
For documentation on this error, please visit: https://www.selenium.dev/documentation/webdriver/troubleshooting/errors#no-such-element-exception
Build info: version: '4.19.1', revision: 'abe0ee07dc'
System info: os.name: 'Windows 11', os.arch: 'amd64', os.version: '10.0', java.version: '17.0.10'
Driver info: org.openqa.selenium.chrome.ChromeDriver
Command: [a13b507f318e6641201dc9f94e891f1f, findElement {value=//h2[text()='Brands'], using=xpath}]
Capabilities {acceptInsecureCerts: false, browserName: chrome, browserVersion: 137.0.7151.69, chrome: {chromedriverVersion: 137.0.7151.68 (2989ffee9373..., userDataDir: C:\Users\dell\AppData\Local...}, fedcm:accounts: true, goog:chromeOptions: {debuggerAddress: localhost:61576}, networkConnectionEnabled: false, pageLoadStrategy: normal, platformName: windows, proxy: Proxy(), se:cdp: ws://localhost:61576/devtoo..., se:cdpVersion: 137.0.7151.69, setWindowRect: true, strictFileInteractability: false, timeouts: {implicit: 0, pageLoad: 300000, script: 30000}, unhandledPromptBehavior: dismiss and notify, webauthn:extension:credBlob: true, webauthn:extension:largeBlob: true, webauthn:extension:minPinLength: true, webauthn:extension:prf: true, webauthn:virtualAuthenticators: true}
Session ID: a13b507f318e6641201dc9f94e891f1f]]>
            </message>
            <full-stacktrace>
              <![CDATA[org.openqa.selenium.NoSuchElementException: no such element: Unable to locate element: {"method":"xpath","selector":"//h2[text()='Brands']"}
  (Session info: chrome=137.0.7151.69)
For documentation on this error, please visit: https://www.selenium.dev/documentation/webdriver/troubleshooting/errors#no-such-element-exception
Build info: version: '4.19.1', revision: 'abe0ee07dc'
System info: os.name: 'Windows 11', os.arch: 'amd64', os.version: '10.0', java.version: '17.0.10'
Driver info: org.openqa.selenium.chrome.ChromeDriver
Command: [a13b507f318e6641201dc9f94e891f1f, findElement {value=//h2[text()='Brands'], using=xpath}]
Capabilities {acceptInsecureCerts: false, browserName: chrome, browserVersion: 137.0.7151.69, chrome: {chromedriverVersion: 137.0.7151.68 (2989ffee9373..., userDataDir: C:\Users\dell\AppData\Local...}, fedcm:accounts: true, goog:chromeOptions: {debuggerAddress: localhost:61576}, networkConnectionEnabled: false, pageLoadStrategy: normal, platformName: windows, proxy: Proxy(), se:cdp: ws://localhost:61576/devtoo..., se:cdpVersion: 137.0.7151.69, setWindowRect: true, strictFileInteractability: false, timeouts: {implicit: 0, pageLoad: 300000, script: 30000}, unhandledPromptBehavior: dismiss and notify, webauthn:extension:credBlob: true, webauthn:extension:largeBlob: true, webauthn:extension:minPinLength: true, webauthn:extension:prf: true, webauthn:virtualAuthenticators: true}
Session ID: a13b507f318e6641201dc9f94e891f1f
at java.base/jdk.internal.reflect.NativeConstructorAccessorImpl.newInstance0(Native Method)
at java.base/jdk.internal.reflect.NativeConstructorAccessorImpl.newInstance(NativeConstructorAccessorImpl.java:77)
at java.base/jdk.internal.reflect.DelegatingConstructorAccessorImpl.newInstance(DelegatingConstructorAccessorImpl.java:45)
at java.base/java.lang.reflect.Constructor.newInstanceWithCaller(Constructor.java:499)
at java.base/java.lang.reflect.Constructor.newInstance(Constructor.java:480)
at org.openqa.selenium.remote.ErrorCodec.decode(ErrorCodec.java:167)
at org.openqa.selenium.remote.codec.w3c.W3CHttpResponseCodec.decode(W3CHttpResponseCodec.java:138)
at org.openqa.selenium.remote.codec.w3c.W3CHttpResponseCodec.decode(W3CHttpResponseCodec.java:50)
at org.openqa.selenium.remote.HttpCommandExecutor.execute(HttpCommandExecutor.java:190)
at org.openqa.selenium.remote.service.DriverCommandExecutor.invokeExecute(DriverCommandExecutor.java:216)
at org.openqa.selenium.remote.service.DriverCommandExecutor.execute(DriverCommandExecutor.java:174)
at org.openqa.selenium.remote.RemoteWebDriver.execute(RemoteWebDriver.java:518)
at org.openqa.selenium.remote.ElementLocation$ElementFinder$2.findElement(ElementLocation.java:165)
at org.openqa.selenium.remote.ElementLocation.findElement(ElementLocation.java:59)
at org.openqa.selenium.remote.RemoteWebDriver.findElement(RemoteWebDriver.java:355)
at org.openqa.selenium.remote.RemoteWebDriver.findElement(RemoteWebDriver.java:349)
at org.openqa.selenium.support.pagefactory.DefaultElementLocator.findElement(DefaultElementLocator.java:68)
at org.openqa.selenium.support.pagefactory.internal.LocatingElementHandler.invoke(LocatingElementHandler.java:38)
at jdk.proxy2/jdk.proxy2.$Proxy19.getText(Unknown Source)
at pages.HomePage.verifyTheBrandsHeading(HomePage.java:96)
at tests.HomeTest.verifyBrandsHeadingIsPresent(HomeTest.java:27)
at java.base/jdk.internal.reflect.NativeMethodAccessorImpl.invoke0(Native Method)
at java.base/jdk.internal.reflect.NativeMethodAccessorImpl.invoke(NativeMethodAccessorImpl.java:77)
at java.base/jdk.internal.reflect.DelegatingMethodAccessorImpl.invoke(DelegatingMethodAccessorImpl.java:43)
at java.base/java.lang.reflect.Method.invoke(Method.java:568)
at org.testng.internal.MethodInvocationHelper.invokeMethod(MethodInvocationHelper.java:133)
at org.testng.internal.TestInvoker.invokeMethod(TestInvoker.java:598)
at org.testng.internal.TestInvoker.invokeTestMethod(TestInvoker.java:173)
at org.testng.internal.MethodRunner.runInSequence(MethodRunner.java:46)
at org.testng.internal.TestInvoker$MethodInvocationAgent.invoke(TestInvoker.java:824)
at org.testng.internal.TestInvoker.invokeTestMethods(TestInvoker.java:146)
at org.testng.internal.TestMethodWorker.invokeTestMethods(TestMethodWorker.java:146)
at org.testng.internal.TestMethodWorker.run(TestMethodWorker.java:128)
at java.base/java.util.ArrayList.forEach(ArrayList.java:1511)
at org.testng.TestRunner.privateRun(TestRunner.java:794)
at org.testng.TestRunner.run(TestRunner.java:596)
at org.testng.SuiteRunner.runTest(SuiteRunner.java:377)
at org.testng.SuiteRunner.runSequentially(SuiteRunner.java:371)
at org.testng.SuiteRunner.privateRun(SuiteRunner.java:332)
at org.testng.SuiteRunner.run(SuiteRunner.java:276)
at org.testng.SuiteRunnerWorker.runSuite(SuiteRunnerWorker.java:53)
at org.testng.SuiteRunnerWorker.run(SuiteRunnerWorker.java:96)
at org.testng.TestNG.runSuitesSequentially(TestNG.java:1212)
at org.testng.TestNG.runSuitesLocally(TestNG.java:1134)
at org.testng.TestNG.runSuites(TestNG.java:1063)
at org.testng.TestNG.run(TestNG.java:1031)
at org.testng.remote.AbstractRemoteTestNG.run(AbstractRemoteTestNG.java:115)
at org.testng.remote.RemoteTestNG.initAndRun(RemoteTestNG.java:251)
at org.testng.remote.RemoteTestNG.main(RemoteTestNG.java:77)
]]>
            </full-stacktrace>
          </exception> <!-- org.openqa.selenium.NoSuchElementException -->
          <reporter-output>
          </reporter-output>
        </test-method> <!-- verifyBrandsHeadingIsPresent -->
        <test-method signature="verifyBrandsName()[pri:0, instance:tests.HomeTest@674da77b]" started-at="2025-06-07T16:12:22 IST" name="verifyBrandsName" finished-at="2025-06-07T16:12:23 IST" duration-ms="34" status="PASS">
          <reporter-output>
          </reporter-output>
        </test-method> <!-- verifyBrandsName -->
        <test-method signature="verifyCategoryHeadingIsPresent()[pri:0, instance:tests.HomeTest@674da77b]" started-at="2025-06-07T16:12:23 IST" name="verifyCategoryHeadingIsPresent" finished-at="2025-06-07T16:12:23 IST" duration-ms="16" status="FAIL">
          <exception class="org.openqa.selenium.NoSuchElementException">
            <message>
              <![CDATA[no such element: Unable to locate element: {"method":"xpath","selector":"//h2[text()='Category']"}
  (Session info: chrome=137.0.7151.69)
For documentation on this error, please visit: https://www.selenium.dev/documentation/webdriver/troubleshooting/errors#no-such-element-exception
Build info: version: '4.19.1', revision: 'abe0ee07dc'
System info: os.name: 'Windows 11', os.arch: 'amd64', os.version: '10.0', java.version: '17.0.10'
Driver info: org.openqa.selenium.chrome.ChromeDriver
Command: [a13b507f318e6641201dc9f94e891f1f, findElement {value=//h2[text()='Category'], using=xpath}]
Capabilities {acceptInsecureCerts: false, browserName: chrome, browserVersion: 137.0.7151.69, chrome: {chromedriverVersion: 137.0.7151.68 (2989ffee9373..., userDataDir: C:\Users\dell\AppData\Local...}, fedcm:accounts: true, goog:chromeOptions: {debuggerAddress: localhost:61576}, networkConnectionEnabled: false, pageLoadStrategy: normal, platformName: windows, proxy: Proxy(), se:cdp: ws://localhost:61576/devtoo..., se:cdpVersion: 137.0.7151.69, setWindowRect: true, strictFileInteractability: false, timeouts: {implicit: 0, pageLoad: 300000, script: 30000}, unhandledPromptBehavior: dismiss and notify, webauthn:extension:credBlob: true, webauthn:extension:largeBlob: true, webauthn:extension:minPinLength: true, webauthn:extension:prf: true, webauthn:virtualAuthenticators: true}
Session ID: a13b507f318e6641201dc9f94e891f1f]]>
            </message>
            <full-stacktrace>
              <![CDATA[org.openqa.selenium.NoSuchElementException: no such element: Unable to locate element: {"method":"xpath","selector":"//h2[text()='Category']"}
  (Session info: chrome=137.0.7151.69)
For documentation on this error, please visit: https://www.selenium.dev/documentation/webdriver/troubleshooting/errors#no-such-element-exception
Build info: version: '4.19.1', revision: 'abe0ee07dc'
System info: os.name: 'Windows 11', os.arch: 'amd64', os.version: '10.0', java.version: '17.0.10'
Driver info: org.openqa.selenium.chrome.ChromeDriver
Command: [a13b507f318e6641201dc9f94e891f1f, findElement {value=//h2[text()='Category'], using=xpath}]
Capabilities {acceptInsecureCerts: false, browserName: chrome, browserVersion: 137.0.7151.69, chrome: {chromedriverVersion: 137.0.7151.68 (2989ffee9373..., userDataDir: C:\Users\dell\AppData\Local...}, fedcm:accounts: true, goog:chromeOptions: {debuggerAddress: localhost:61576}, networkConnectionEnabled: false, pageLoadStrategy: normal, platformName: windows, proxy: Proxy(), se:cdp: ws://localhost:61576/devtoo..., se:cdpVersion: 137.0.7151.69, setWindowRect: true, strictFileInteractability: false, timeouts: {implicit: 0, pageLoad: 300000, script: 30000}, unhandledPromptBehavior: dismiss and notify, webauthn:extension:credBlob: true, webauthn:extension:largeBlob: true, webauthn:extension:minPinLength: true, webauthn:extension:prf: true, webauthn:virtualAuthenticators: true}
Session ID: a13b507f318e6641201dc9f94e891f1f
at java.base/jdk.internal.reflect.NativeConstructorAccessorImpl.newInstance0(Native Method)
at java.base/jdk.internal.reflect.NativeConstructorAccessorImpl.newInstance(NativeConstructorAccessorImpl.java:77)
at java.base/jdk.internal.reflect.DelegatingConstructorAccessorImpl.newInstance(DelegatingConstructorAccessorImpl.java:45)
at java.base/java.lang.reflect.Constructor.newInstanceWithCaller(Constructor.java:499)
at java.base/java.lang.reflect.Constructor.newInstance(Constructor.java:480)
at org.openqa.selenium.remote.ErrorCodec.decode(ErrorCodec.java:167)
at org.openqa.selenium.remote.codec.w3c.W3CHttpResponseCodec.decode(W3CHttpResponseCodec.java:138)
at org.openqa.selenium.remote.codec.w3c.W3CHttpResponseCodec.decode(W3CHttpResponseCodec.java:50)
at org.openqa.selenium.remote.HttpCommandExecutor.execute(HttpCommandExecutor.java:190)
at org.openqa.selenium.remote.service.DriverCommandExecutor.invokeExecute(DriverCommandExecutor.java:216)
at org.openqa.selenium.remote.service.DriverCommandExecutor.execute(DriverCommandExecutor.java:174)
at org.openqa.selenium.remote.RemoteWebDriver.execute(RemoteWebDriver.java:518)
at org.openqa.selenium.remote.ElementLocation$ElementFinder$2.findElement(ElementLocation.java:165)
at org.openqa.selenium.remote.ElementLocation.findElement(ElementLocation.java:59)
at org.openqa.selenium.remote.RemoteWebDriver.findElement(RemoteWebDriver.java:355)
at org.openqa.selenium.remote.RemoteWebDriver.findElement(RemoteWebDriver.java:349)
at org.openqa.selenium.support.pagefactory.DefaultElementLocator.findElement(DefaultElementLocator.java:68)
at org.openqa.selenium.support.pagefactory.internal.LocatingElementHandler.invoke(LocatingElementHandler.java:38)
at jdk.proxy2/jdk.proxy2.$Proxy19.getText(Unknown Source)
at pages.HomePage.verifyTheCategoryHeading(HomePage.java:92)
at tests.HomeTest.verifyCategoryHeadingIsPresent(HomeTest.java:21)
at java.base/jdk.internal.reflect.NativeMethodAccessorImpl.invoke0(Native Method)
at java.base/jdk.internal.reflect.NativeMethodAccessorImpl.invoke(NativeMethodAccessorImpl.java:77)
at java.base/jdk.internal.reflect.DelegatingMethodAccessorImpl.invoke(DelegatingMethodAccessorImpl.java:43)
at java.base/java.lang.reflect.Method.invoke(Method.java:568)
at org.testng.internal.MethodInvocationHelper.invokeMethod(MethodInvocationHelper.java:133)
at org.testng.internal.TestInvoker.invokeMethod(TestInvoker.java:598)
at org.testng.internal.TestInvoker.invokeTestMethod(TestInvoker.java:173)
at org.testng.internal.MethodRunner.runInSequence(MethodRunner.java:46)
at org.testng.internal.TestInvoker$MethodInvocationAgent.invoke(TestInvoker.java:824)
at org.testng.internal.TestInvoker.invokeTestMethods(TestInvoker.java:146)
at org.testng.internal.TestMethodWorker.invokeTestMethods(TestMethodWorker.java:146)
at org.testng.internal.TestMethodWorker.run(TestMethodWorker.java:128)
at java.base/java.util.ArrayList.forEach(ArrayList.java:1511)
at org.testng.TestRunner.privateRun(TestRunner.java:794)
at org.testng.TestRunner.run(TestRunner.java:596)
at org.testng.SuiteRunner.runTest(SuiteRunner.java:377)
at org.testng.SuiteRunner.runSequentially(SuiteRunner.java:371)
at org.testng.SuiteRunner.privateRun(SuiteRunner.java:332)
at org.testng.SuiteRunner.run(SuiteRunner.java:276)
at org.testng.SuiteRunnerWorker.runSuite(SuiteRunnerWorker.java:53)
at org.testng.SuiteRunnerWorker.run(SuiteRunnerWorker.java:96)
at org.testng.TestNG.runSuitesSequentially(TestNG.java:1212)
at org.testng.TestNG.runSuitesLocally(TestNG.java:1134)
at org.testng.TestNG.runSuites(TestNG.java:1063)
at org.testng.TestNG.run(TestNG.java:1031)
at org.testng.remote.AbstractRemoteTestNG.run(AbstractRemoteTestNG.java:115)
at org.testng.remote.RemoteTestNG.initAndRun(RemoteTestNG.java:251)
at org.testng.remote.RemoteTestNG.main(RemoteTestNG.java:77)
]]>
            </full-stacktrace>
          </exception> <!-- org.openqa.selenium.NoSuchElementException -->
          <reporter-output>
          </reporter-output>
        </test-method> <!-- verifyCategoryHeadingIsPresent -->
        <test-method signature="verifyCategoryName()[pri:0, instance:tests.HomeTest@674da77b]" started-at="2025-06-07T16:12:23 IST" name="verifyCategoryName" finished-at="2025-06-07T16:12:23 IST" duration-ms="19" status="PASS">
          <reporter-output>
          </reporter-output>
        </test-method> <!-- verifyCategoryName -->
        <test-method signature="verifyThreeSliderArePresent()[pri:0, instance:tests.HomeTest@674da77b]" started-at="2025-06-07T16:12:23 IST" name="verifyThreeSliderArePresent" finished-at="2025-06-07T16:12:23 IST" duration-ms="15" status="PASS">
          <reporter-output>
          </reporter-output>
        </test-method> <!-- verifyThreeSliderArePresent -->
        <test-method is-config="true" signature="tearDown()[pri:0, instance:tests.HomeTest@674da77b]" started-at="2025-06-07T16:12:23 IST" name="tearDown" finished-at="2025-06-07T16:12:23 IST" duration-ms="201" status="PASS">
          <reporter-output>
          </reporter-output>
        </test-method> <!-- tearDown -->
      </class> <!-- tests.HomeTest -->
      <class name="tests.e2e">
        <test-method is-config="true" signature="setUp()[pri:0, instance:tests.e2e@ab2e6d2]" started-at="2025-06-07T16:11:23 IST" name="setUp" finished-at="2025-06-07T16:11:29 IST" duration-ms="6208" status="PASS">
          <reporter-output>
          </reporter-output>
        </test-method> <!-- setUp -->
        <test-method signature="verifyInvoiceDownload()[pri:0, instance:tests.e2e@ab2e6d2]" started-at="2025-06-07T16:11:29 IST" name="verifyInvoiceDownload" finished-at="2025-06-07T16:11:46 IST" duration-ms="16598" status="PASS">
          <reporter-output>
          </reporter-output>
        </test-method> <!-- verifyInvoiceDownload -->
        <test-method is-config="true" signature="tearDown()[pri:0, instance:tests.e2e@ab2e6d2]" started-at="2025-06-07T16:11:46 IST" name="tearDown" finished-at="2025-06-07T16:11:47 IST" duration-ms="542" status="PASS">
          <reporter-output>
          </reporter-output>
        </test-method> <!-- tearDown -->
      </class> <!-- tests.e2e -->
      <class name="tests.WishlistTests">
        <test-method is-config="true" signature="setUp()[pri:0, instance:tests.WishlistTests@bd3eff4]" started-at="2025-06-07T16:12:23 IST" name="setUp" finished-at="2025-06-07T16:12:28 IST" duration-ms="5285" status="PASS">
          <reporter-output>
          </reporter-output>
        </test-method> <!-- setUp -->
        <test-method signature="testAddToWishlist()[pri:0, instance:tests.WishlistTests@bd3eff4]" started-at="2025-06-07T16:12:28 IST" name="testAddToWishlist" finished-at="2025-06-07T16:12:28 IST" duration-ms="1" status="PASS">
          <reporter-output>
          </reporter-output>
        </test-method> <!-- testAddToWishlist -->
        <test-method signature="testRemoveFromWishlist()[pri:0, instance:tests.WishlistTests@bd3eff4]" started-at="2025-06-07T16:12:28 IST" name="testRemoveFromWishlist" finished-at="2025-06-07T16:12:28 IST" duration-ms="0" status="PASS">
          <reporter-output>
          </reporter-output>
        </test-method> <!-- testRemoveFromWishlist -->
        <test-method is-config="true" signature="tearDown()[pri:0, instance:tests.WishlistTests@bd3eff4]" started-at="2025-06-07T16:12:28 IST" name="tearDown" finished-at="2025-06-07T16:12:28 IST" duration-ms="221" status="PASS">
          <reporter-output>
          </reporter-output>
        </test-method> <!-- tearDown -->
      </class> <!-- tests.WishlistTests -->
      <class name="tests.CartTests">
        <test-method is-config="true" signature="setUp()[pri:0, instance:tests.CartTests@71664560]" started-at="2025-06-07T16:11:47 IST" name="setUp" finished-at="2025-06-07T16:11:53 IST" duration-ms="6925" status="PASS">
          <reporter-output>
          </reporter-output>
        </test-method> <!-- setUp -->
        <test-method signature="testAddProductToCart()[pri:0, instance:tests.CartTests@71664560]" started-at="2025-06-07T16:11:53 IST" name="testAddProductToCart" finished-at="2025-06-07T16:11:53 IST" duration-ms="1" status="PASS">
          <reporter-output>
          </reporter-output>
        </test-method> <!-- testAddProductToCart -->
        <test-method signature="testRemoveProductFromCart()[pri:0, instance:tests.CartTests@71664560]" started-at="2025-06-07T16:11:53 IST" name="testRemoveProductFromCart" finished-at="2025-06-07T16:11:58 IST" duration-ms="4299" status="PASS">
          <reporter-output>
          </reporter-output>
        </test-method> <!-- testRemoveProductFromCart -->
        <test-method signature="testUpdateCartQuantity()[pri:0, instance:tests.CartTests@71664560]" started-at="2025-06-07T16:11:58 IST" name="testUpdateCartQuantity" finished-at="2025-06-07T16:11:58 IST" duration-ms="0" status="PASS">
          <reporter-output>
          </reporter-output>
        </test-method> <!-- testUpdateCartQuantity -->
        <test-method is-config="true" signature="tearDown()[pri:0, instance:tests.CartTests@71664560]" started-at="2025-06-07T16:11:58 IST" name="tearDown" finished-at="2025-06-07T16:11:58 IST" duration-ms="247" status="PASS">
          <reporter-output>
          </reporter-output>
        </test-method> <!-- tearDown -->
      </class> <!-- tests.CartTests -->
      <class name="tests.CheckoutTests">
        <test-method is-config="true" signature="setUp()[pri:0, instance:tests.CheckoutTests@4d4436d0]" started-at="2025-06-07T16:11:58 IST" name="setUp" finished-at="2025-06-07T16:12:03 IST" duration-ms="5440" status="PASS">
          <reporter-output>
          </reporter-output>
        </test-method> <!-- setUp -->
        <test-method signature="testProceedToCheckoutWithCOD()[pri:0, instance:tests.CheckoutTests@4d4436d0]" started-at="2025-06-07T16:12:03 IST" name="testProceedToCheckoutWithCOD" finished-at="2025-06-07T16:12:03 IST" duration-ms="1" status="PASS">
          <reporter-output>
          </reporter-output>
        </test-method> <!-- testProceedToCheckoutWithCOD -->
        <test-method signature="testProceedToCheckoutWithCard()[pri:0, instance:tests.CheckoutTests@4d4436d0]" started-at="2025-06-07T16:12:03 IST" name="testProceedToCheckoutWithCard" finished-at="2025-06-07T16:12:03 IST" duration-ms="0" status="PASS">
          <reporter-output>
          </reporter-output>
        </test-method> <!-- testProceedToCheckoutWithCard -->
        <test-method is-config="true" signature="tearDown()[pri:0, instance:tests.CheckoutTests@4d4436d0]" started-at="2025-06-07T16:12:03 IST" name="tearDown" finished-at="2025-06-07T16:12:04 IST" duration-ms="266" status="PASS">
          <reporter-output>
          </reporter-output>
        </test-method> <!-- tearDown -->
      </class> <!-- tests.CheckoutTests -->
      <class name="tests.ProfileTests">
        <test-method is-config="true" signature="setUp()[pri:0, instance:tests.ProfileTests@6010d0d1]" started-at="2025-06-07T16:12:28 IST" name="setUp" finished-at="2025-06-07T16:12:33 IST" duration-ms="4274" status="PASS">
          <reporter-output>
          </reporter-output>
        </test-method> <!-- setUp -->
        <test-method signature="testChangePassword()[pri:0, instance:tests.ProfileTests@6010d0d1]" started-at="2025-06-07T16:12:33 IST" name="testChangePassword" finished-at="2025-06-07T16:12:33 IST" duration-ms="1" status="PASS">
          <reporter-output>
          </reporter-output>
        </test-method> <!-- testChangePassword -->
        <test-method signature="testUpdateProfileInfo()[pri:0, instance:tests.ProfileTests@6010d0d1]" started-at="2025-06-07T16:12:33 IST" name="testUpdateProfileInfo" finished-at="2025-06-07T16:12:33 IST" duration-ms="1" status="PASS">
          <reporter-output>
          </reporter-output>
        </test-method> <!-- testUpdateProfileInfo -->
        <test-method is-config="true" signature="tearDown()[pri:0, instance:tests.ProfileTests@6010d0d1]" started-at="2025-06-07T16:12:33 IST" name="tearDown" finished-at="2025-06-07T16:12:33 IST" duration-ms="233" status="PASS">
          <reporter-output>
          </reporter-output>
        </test-method> <!-- tearDown -->
      </class> <!-- tests.ProfileTests -->
    </test> <!-- Default test -->
  </suite> <!-- Default suite -->
</testng-results>
